2026-06-08 11:34:02, MOVE, v:1, k:ed@serial, mode:PICK
2026-06-08 11:34:13, EXEC, v:1, k:ed@serial, mode:FULL, rate:0
2026-06-08 11:34:14, EXEC, v:1, k:ed@serial, mode:FULL, rate:0
2026-06-08 11:34:13, MOVE, v:1, k:ed@serial, mode:EDIT
2026-06-08 11:43:40, MOVE, v:1, k:ed@serial, mode:EDIT
2026-06-08 11:44:26, EXEC, v:1, k:ed@serial, mode:FULL, rate:0, size:73
2026-06-08 11:44:36, EXEC, v:1, k:ed@serial, mode:FULL, rate:0
2026-06-08 11:44:37, EXEC, v:1, k:ed@serial, mode:FULL, rate:0
2026-06-08 11:44:52, EXEC, v:1, k:ed@serial, mode:FULL, rate:0, size:73
2026-06-08 11:44:54, EXEC, v:1, k:ed@serial, mode:FULL, rate:0
2026-06-08 11:46:11, EXEC, v:1, k:ed@serial, mode:FULL, size:77, fail:COMP
2026-06-08 11:46:14, EXEC, v:1, k:ed@serial, mode:FULL, fail:COMP
2026-06-08 11:46:33, EXEC, v:1, k:ed@serial, mode:FULL, rate:100, size:77
2026-06-08 11:47:14, EXEC, v:1, k:ed@serial, mode:FULL, rate:100, size:77
2026-06-08 11:47:40, MOVE, v:1, k:ed@serial, mode:BACK
2026-06-08 11:48:20, SELF, v:1, k:ed@serial, self:1, rate:100, study:30, concept:1, problem:1, refactor:1
2026-06-08 11:47:13, MOVE, v:1, k:ed@serial, mode:EDIT
2026-06-08 11:47:13, MOVE, v:1, k:ed@serial, mode:EDIT
2026-06-08 11:48:58, SELF, v:1, k:ed@editorint, self:1, rate:80, study:360, concept:1, refactor:1
2026-06-08 11:48:58, MOVE, v:1, k:ed@editorint, mode:PICK
2026-06-08 11:49:01, MOVE, v:1, k:ed@editorint, mode:BACK
2026-06-08 11:49:55, MOVE, v:1, k:ed@formatada, mode:DOWN
2026-06-08 11:49:56, MOVE, v:1, k:ed@formatada, mode:PICK
2026-06-08 11:49:57, EXEC, v:1, k:ed@formatada, mode:FULL, rate:0, size:72
2026-06-08 11:49:55, MOVE, v:1, k:ed@formatada, mode:EDIT
2026-06-08 11:49:55, MOVE, v:1, k:ed@formatada, mode:EDIT
2026-06-08 11:49:57, MOVE, v:1, k:ed@formatada, mode:EDIT
2026-06-08 11:55:18, EXEC, v:1, k:ed@formatada, mode:FULL, size:75, fail:COMP
2026-06-08 11:55:28, EXEC, v:1, k:ed@formatada, mode:FULL, rate:0, size:75
2026-06-08 11:58:44, MOVE, v:1, k:ed@formatada, mode:EDIT
2026-06-08 11:55:28, MOVE, v:1, k:ed@formatada, mode:EDIT
2026-06-08 12:00:27, EXEC, v:1, k:ed@formatada, mode:FULL, rate:0, size:82
2026-06-08 12:00:31, EXEC, v:1, k:ed@formatada, mode:FULL, rate:0
2026-06-08 12:00:32, EXEC, v:1, k:ed@formatada, mode:FULL, rate:0
2026-06-08 12:00:59, EXEC, v:1, k:ed@formatada, mode:FULL, rate:0, size:82
2026-06-08 12:01:22, EXEC, v:1, k:ed@formatada, mode:FULL, rate:0, size:82
2026-06-08 12:02:01, EXEC, v:1, k:ed@formatada, mode:FULL, rate:0, size:82
2026-06-08 12:02:42, EXEC, v:1, k:ed@formatada, mode:FULL, rate:0
2026-06-08 12:01:28, MOVE, v:1, k:ed@formatada, mode:EDIT
2026-06-08 12:02:41, MOVE, v:1, k:ed@formatada, mode:EDIT
2026-06-08 12:04:41, EXEC, v:1, k:ed@formatada, mode:FULL, size:83, fail:COMP
2026-06-08 12:04:43, EXEC, v:1, k:ed@formatada, mode:FULL, fail:COMP
2026-06-08 12:05:05, EXEC, v:1, k:ed@formatada, mode:FULL, rate:14, size:83
2026-06-08 12:05:21, EXEC, v:1, k:ed@formatada, mode:FULL, rate:0, size:83
2026-06-08 12:05:44, EXEC, v:1, k:ed@formatada, mode:FULL, rate:14, size:83
2026-06-08 12:06:47, EXEC, v:1, k:ed@formatada, mode:FULL, rate:0, size:83
2026-06-08 12:07:13, EXEC, v:1, k:ed@formatada, mode:FULL, rate:0, size:83
2026-06-08 12:08:44, EXEC, v:1, k:ed@formatada, mode:FULL, rate:0, size:87
2026-06-08 12:08:43, MOVE, v:1, k:ed@formatada, mode:EDIT
2026-06-08 12:08:44, MOVE, v:1, k:ed@formatada, mode:EDIT
2026-06-08 12:08:55, EXEC, v:1, k:ed@formatada, mode:FULL, rate:0
2026-06-08 12:09:11, EXEC, v:1, k:ed@formatada, mode:FULL, rate:0, size:84
2026-06-08 12:10:11, EXEC, v:1, k:ed@formatada, mode:FULL, rate:14, size:84
2026-06-08 12:11:25, EXEC, v:1, k:ed@formatada, mode:FULL, rate:0, size:84
2026-06-08 12:11:51, EXEC, v:1, k:ed@formatada, mode:FULL, rate:14, size:81
2026-06-08 12:11:51, MOVE, v:1, k:ed@formatada, mode:EDIT
2026-06-08 12:13:36, MOVE, v:1, k:ed@formatada, mode:EDIT
2026-06-08 12:14:34, EXEC, v:1, k:ed@formatada, mode:FULL, rate:0, size:82
2026-06-08 12:17:07, EXEC, v:1, k:ed@formatada, mode:FULL, rate:14, size:82
2026-06-08 12:17:27, EXEC, v:1, k:ed@formatada, mode:FULL, rate:14
2026-06-08 12:16:41, MOVE, v:1, k:ed@formatada, mode:EDIT
2026-06-08 12:17:32, MOVE, v:1, k:ed@formatada, mode:EDIT
2026-06-08 12:19:12, EXEC, v:1, k:ed@formatada, mode:FULL, rate:28, size:82
2026-06-08 12:19:34, EXEC, v:1, k:ed@formatada, mode:FULL, rate:28
2026-06-08 12:19:52, EXEC, v:1, k:ed@formatada, mode:FULL, rate:28
2026-06-08 12:21:56, MOVE, v:1, k:ed@formatada, mode:PICK
2026-06-08 12:22:22, EXEC, v:1, k:ed@formatada, mode:FULL, rate:28
2026-06-08 12:23:52, MOVE, v:1, k:ed@formatada, mode:PICK
2026-06-08 12:24:15, EXEC, v:1, k:ed@formatada, mode:FULL, rate:28
2026-06-08 12:24:23, EXEC, v:1, k:ed@formatada, mode:FULL, rate:28
2026-06-08 12:25:52, EXEC, v:1, k:ed@formatada, mode:FULL, rate:0, size:83
2026-06-08 12:26:10, EXEC, v:1, k:ed@formatada, mode:FULL, rate:0
2026-06-08 12:27:33, EXEC, v:1, k:ed@formatada, mode:FULL, rate:0, size:86
2026-06-08 12:27:50, EXEC, v:1, k:ed@formatada, mode:FULL, rate:0
2026-06-08 12:27:51, EXEC, v:1, k:ed@formatada, mode:FULL, rate:0
2026-06-08 12:28:15, EXEC, v:1, k:ed@formatada, mode:FULL, rate:0
2026-06-08 12:27:50, MOVE, v:1, k:ed@formatada, mode:EDIT
2026-06-08 12:27:17, MOVE, v:1, k:ed@formatada, mode:EDIT
2026-06-08 12:28:23, EXEC, v:1, k:ed@formatada, mode:FULL, rate:0
2026-06-08 12:28:40, EXEC, v:1, k:ed@formatada, mode:FULL, rate:0
2026-06-08 12:28:40, MOVE, v:1, k:ed@formatada, mode:EDIT
2026-06-08 12:33:12, MOVE, v:1, k:ed@formatada, mode:EDIT
2026-06-08 12:35:37, EXEC, v:1, k:ed@formatada, mode:FULL, rate:100, size:92
2026-06-08 12:36:33, MOVE, v:1, k:ed@formatada, mode:BACK
2026-06-08 12:37:34, SELF, v:1, k:ed@formatada, self:1, rate:100, study:50, concept:1, problem:1, refactor:1
2026-06-08 12:35:30, MOVE, v:1, k:ed@formatada, mode:EDIT
2026-06-08 12:35:40, MOVE, v:1, k:ed@formatada, mode:EDIT
2026-06-08 12:39:23, SELF, v:1, k:ed@editorint, self:1, rate:100, study:369, concept:1, refactor:1
2026-06-08 12:39:24, MOVE, v:1, k:ed@editorint, mode:PICK
2026-06-08 12:40:35, EXEC, v:1, k:ed@editorint, mode:LOCK, rate:0
2026-06-08 12:42:32, MOVE, v:1, k:ed@editorint, mode:BACK
2026-06-08 12:40:32, MOVE, v:1, k:ed@editorint, mode:EDIT
2026-06-08 12:43:30, MOVE, v:1, k:ed@formatada, mode:PICK
2026-06-08 12:43:32, EXEC, v:1, k:ed@formatada, mode:FULL, rate:100
2026-06-08 12:43:50, EXEC, v:1, k:ed@formatada, mode:FULL, rate:0, size:93
2026-06-08 12:43:52, MOVE, v:1, k:ed@formatada, mode:BACK
2026-06-08 12:44:05, MOVE, v:1, k:ed@formatada, mode:PICK
2026-06-08 12:44:06, EXEC, v:1, k:ed@formatada, mode:FULL, rate:0
2026-06-08 12:44:11, MOVE, v:1, k:ed@formatada, mode:BACK
2026-06-08 12:44:33, MOVE, v:1, k:ed@formatada, mode:PICK
2026-06-08 12:44:34, EXEC, v:1, k:ed@formatada, mode:FULL, rate:0
2026-06-08 12:44:36, EXEC, v:1, k:ed@formatada, mode:FULL, rate:0
2026-06-08 12:44:41, MOVE, v:1, k:ed@formatada, mode:BACK
2026-06-08 12:45:18, MOVE, v:1, k:ed@formatada, mode:PICK
2026-06-08 12:45:20, EXEC, v:1, k:ed@formatada, mode:FULL, rate:0
2026-06-08 12:45:26, EXEC, v:1, k:ed@formatada, mode:FULL, rate:100, size:93
2026-06-08 12:46:41, MOVE, v:1, k:ed@formatada, mode:BACK
2026-06-08 12:47:42, SELF, v:1, k:ed@formatada, self:1, rate:100, study:50, concept:1, problem:1, refactor:1
2026-06-08 12:47:42, MOVE, v:1, k:ed@formatada, mode:PICK
2026-06-08 12:47:45, MOVE, v:1, k:ed@formatada, mode:BACK
2026-06-08 12:48:10, MOVE, v:1, k:ed@editorint, mode:PICK
2026-06-08 12:48:13, MOVE, v:1, k:ed@editorint, mode:BACK
2026-06-08 12:48:33, SELF, v:1, k:ed@lista_d4, self:1, rate:100, concept:1, problem:1, refactor:1
2026-06-08 12:48:33, MOVE, v:1, k:ed@lista_d4, mode:PICK
2026-06-08 12:48:33, EXEC, v:1, k:ed@lista_d4, mode:FULL, rate:100
2026-06-08 12:48:35, MOVE, v:1, k:ed@lista_d4, mode:BACK
2026-06-08 12:45:26, MOVE, v:1, k:ed@formatada, mode:EDIT
2026-06-08 12:45:25, MOVE, v:1, k:ed@formatada, mode:EDIT
2026-06-08 12:48:33, MOVE, v:1, k:ed@lista_d4, mode:EDIT
