2026-05-11 18:45:33, MOVE, v:1, k:ed@lista_d2, mode:PICK
2026-05-11 18:45:45, EXEC, v:1, k:ed@lista_d2, mode:FULL, rate:0
2026-05-11 18:45:46, EXEC, v:1, k:ed@lista_d2, mode:FULL, rate:0
2026-05-11 18:45:45, MOVE, v:1, k:ed@lista_d2, mode:EDIT
2026-05-11 18:49:12, EXEC, v:1, k:ed@lista_d2, mode:FULL, rate:0, size:151
2026-05-11 18:49:39, EXEC, v:1, k:ed@lista_d2, mode:FULL, rate:20, size:151
2026-05-11 18:49:57, EXEC, v:1, k:ed@lista_d2, mode:FULL, rate:0, size:152
2026-05-11 18:51:08, MOVE, v:1, k:ed@lista_d2, mode:EDIT
2026-05-11 18:49:56, MOVE, v:1, k:ed@lista_d2, mode:EDIT
2026-05-11 18:51:17, EXEC, v:1, k:ed@lista_d2, mode:FULL, rate:0, size:156
2026-05-11 18:51:52, EXEC, v:1, k:ed@lista_d2, mode:FULL, rate:20, size:155
2026-05-11 18:56:04, MOVE, v:1, k:ed@lista_d2, mode:EDIT
2026-05-11 18:51:52, MOVE, v:1, k:ed@lista_d2, mode:EDIT
2026-05-11 19:01:07, MOVE, v:1, k:ed@lista_d2, mode:EDIT
2026-05-11 19:04:04, EXEC, v:1, k:ed@lista_d2, mode:FULL, rate:20, size:177
2026-05-11 19:05:05, MOVE, v:1, k:ed@lista_d2, mode:EDIT
2026-05-11 19:04:04, MOVE, v:1, k:ed@lista_d2, mode:EDIT
2026-05-11 19:08:57, EXEC, v:1, k:ed@lista_d2, mode:FULL, size:182, fail:COMP
2026-05-11 19:11:07, EXEC, v:1, k:ed@lista_d2, mode:FULL, size:188, fail:COMP
2026-05-11 19:10:36, MOVE, v:1, k:ed@lista_d2, mode:EDIT
2026-05-11 19:12:02, EXEC, v:1, k:ed@lista_d2, mode:FULL, rate:20, size:188
2026-05-11 19:14:37, MOVE, v:1, k:ed@lista_d2, mode:EDIT
2026-05-11 19:12:00, MOVE, v:1, k:ed@lista_d2, mode:EDIT
2026-05-11 19:16:47, EXEC, v:1, k:ed@lista_d2, mode:FULL, rate:20, size:190
2026-05-11 19:19:36, EXEC, v:1, k:ed@lista_d2, mode:FULL, rate:20, size:190
2026-05-11 19:21:10, MOVE, v:1, k:ed@lista_d2, mode:EDIT
2026-05-11 19:19:34, MOVE, v:1, k:ed@lista_d2, mode:EDIT
2026-05-11 19:22:50, EXEC, v:1, k:ed@lista_d2, mode:FULL, rate:20, size:195
2026-05-11 19:23:58, EXEC, v:1, k:ed@lista_d2, mode:FULL, rate:20, size:195
2026-05-11 19:25:36, EXEC, v:1, k:ed@lista_d2, mode:FULL, rate:20, size:198
2026-05-11 19:25:35, MOVE, v:1, k:ed@lista_d2, mode:EDIT
2026-05-11 19:25:36, MOVE, v:1, k:ed@lista_d2, mode:EDIT
2026-05-11 19:26:39, EXEC, v:1, k:ed@lista_d2, mode:FULL, rate:20, size:203
2026-05-11 19:29:48, EXEC, v:1, k:ed@lista_d2, mode:FULL, rate:20, size:207
2026-05-11 19:30:14, EXEC, v:1, k:ed@lista_d2, mode:FULL, rate:20, size:207
2026-05-11 19:30:41, EXEC, v:1, k:ed@lista_d2, mode:FULL, rate:40, size:208
2026-05-11 19:30:40, MOVE, v:1, k:ed@lista_d2, mode:EDIT
2026-05-11 19:30:41, MOVE, v:1, k:ed@lista_d2, mode:EDIT
2026-05-11 19:34:50, EXEC, v:1, k:ed@lista_d2, mode:FULL, rate:40, size:218
2026-05-11 19:36:07, MOVE, v:1, k:ed@lista_d2, mode:EDIT
2026-05-11 19:34:50, MOVE, v:1, k:ed@lista_d2, mode:EDIT
2026-05-11 19:39:41, EXEC, v:1, k:ed@lista_d2, mode:FULL, rate:60, size:230
2026-05-11 19:40:53, MOVE, v:1, k:ed@lista_d2, mode:EDIT
2026-05-11 19:39:41, MOVE, v:1, k:ed@lista_d2, mode:EDIT
2026-05-11 19:45:57, MOVE, v:1, k:ed@lista_d2, mode:EDIT
2026-05-11 19:51:00, MOVE, v:1, k:ed@lista_d2, mode:EDIT
2026-05-11 19:53:48, EXEC, v:1, k:ed@lista_d2, mode:FULL, size:242, fail:COMP
2026-05-11 19:53:57, EXEC, v:1, k:ed@lista_d2, mode:FULL, size:242, fail:COMP
2026-05-11 19:54:13, EXEC, v:1, k:ed@lista_d2, mode:FULL, rate:80, size:242
2026-05-11 19:54:50, MOVE, v:1, k:ed@lista_d2, mode:EDIT
2026-05-11 19:54:13, MOVE, v:1, k:ed@lista_d2, mode:EDIT
2026-05-11 20:00:35, MOVE, v:1, k:ed@lista_d2, mode:EDIT
2026-05-11 20:01:43, EXEC, v:1, k:ed@lista_d2, mode:FULL, rate:100, size:261
2026-05-11 20:01:48, MOVE, v:1, k:ed@lista_d2, mode:BACK
2026-05-11 20:02:19, SELF, v:1, k:ed@lista_d2, self:1, rate:100, study:130, concept:1
2026-05-11 20:02:29, SELF, v:1, k:ed@lista_d2, self:1, rate:100, study:130, concept:1, refactor:1
2026-05-11 20:02:31, MOVE, v:1, k:ed@lista_d2, mode:PICK
2026-05-11 20:02:33, MOVE, v:1, k:ed@lista_d2, mode:BACK
2026-05-11 20:02:57, SELF, v:1, k:ed@lista_d2, self:1, rate:100, study:130, concept:1, refactor:1
2026-05-11 20:02:54, MOVE, v:1, k:ed@lista_d2, mode:EDIT
2026-05-11 20:01:43, MOVE, v:1, k:ed@lista_d2, mode:EDIT
