2026-03-31 00:33:05, MOVE, v:1, k:ed@manipulacao, mode:PICK
2026-03-31 00:33:07, EXEC, v:1, k:ed@manipulacao, mode:FULL, size:94, fail:COMP
2026-03-31 01:23:31, MOVE, v:1, k:ed@manipulacao, mode:PICK
2026-03-31 01:23:34, EXEC, v:1, k:ed@manipulacao, mode:FULL, size:97, fail:COMP
2026-03-31 01:24:14, EXEC, v:1, k:ed@manipulacao, mode:FULL, size:99, fail:COMP
2026-03-31 01:24:15, EXEC, v:1, k:ed@manipulacao, mode:FULL, fail:COMP
2026-03-31 01:24:16, EXEC, v:1, k:ed@manipulacao, mode:FULL, fail:COMP
2026-03-31 01:24:16, EXEC, v:1, k:ed@manipulacao, mode:FULL, fail:COMP
2026-03-31 01:24:16, EXEC, v:1, k:ed@manipulacao, mode:FULL, fail:COMP
2026-03-31 01:24:41, EXEC, v:1, k:ed@manipulacao, mode:FULL, size:99, fail:COMP
2026-03-31 01:24:42, EXEC, v:1, k:ed@manipulacao, mode:FULL, fail:COMP
2026-03-31 01:24:43, EXEC, v:1, k:ed@manipulacao, mode:FULL, fail:COMP
2026-03-31 01:24:44, EXEC, v:1, k:ed@manipulacao, mode:FULL, fail:COMP
2026-03-31 01:24:44, EXEC, v:1, k:ed@manipulacao, mode:FULL, fail:COMP
2026-03-31 01:24:44, EXEC, v:1, k:ed@manipulacao, mode:FULL, fail:COMP
2026-03-31 01:24:44, EXEC, v:1, k:ed@manipulacao, mode:FULL, fail:COMP
2026-03-31 01:25:02, EXEC, v:1, k:ed@manipulacao, mode:FULL, rate:0, size:99
2026-03-31 01:26:20, EXEC, v:1, k:ed@manipulacao, mode:FULL, rate:0, size:98
2026-03-31 01:26:23, EXEC, v:1, k:ed@manipulacao, mode:FULL, rate:0
2026-03-31 01:26:57, EXEC, v:1, k:ed@manipulacao, mode:FULL, size:130, fail:COMP
2026-03-31 01:27:30, EXEC, v:1, k:ed@manipulacao, mode:FULL, size:136, fail:COMP
2026-03-31 01:28:34, EXEC, v:1, k:ed@manipulacao, mode:FULL, rate:85, size:160
2026-03-31 01:30:44, EXEC, v:1, k:ed@manipulacao, mode:FULL, rate:85, size:162
2026-03-31 01:30:47, EXEC, v:1, k:ed@manipulacao, mode:FULL, rate:85
2026-03-31 01:32:14, EXEC, v:1, k:ed@manipulacao, mode:FULL, rate:85, size:164
2026-03-31 01:34:56, EXEC, v:1, k:ed@manipulacao, mode:FULL, rate:85, size:164
2026-03-31 01:51:12, EXEC, v:1, k:ed@manipulacao, mode:FULL, rate:100, size:174
2026-03-31 01:51:33, MOVE, v:1, k:ed@manipulacao, mode:BACK
2026-03-31 01:52:43, SELF, v:1, k:ed@manipulacao, self:1, rate:100, study:160, concept:1, refactor:1
2026-03-31 01:54:09, SELF, v:1, k:ed@apagando, self:1, rate:100, study:80, concept:1, problem:1, debug:1, refactor:1
2026-03-31 01:54:14, MOVE, v:1, k:ed@manipulacao, mode:PICK
2026-03-31 01:54:16, MOVE, v:1, k:ed@manipulacao, mode:BACK
2026-03-31 01:54:34, SELF, v:1, k:ed@manipulacao, self:1, rate:100, study:160, concept:1, problem:1, refactor:1
2026-03-31 02:11:20, SELF, v:1, k:ed@manipulacao, self:1, rate:100, study:160, guided:1, concept:1, refactor:1
2026-03-31 02:12:53, MOVE, v:1, k:ed@especiais, mode:DOWN
2026-03-31 02:12:54, MOVE, v:1, k:ed@especiais, mode:PICK
2026-03-31 02:12:56, EXEC, v:1, k:ed@especiais, mode:FULL, rate:0, size:132
2026-03-31 02:13:43, EXEC, v:1, k:ed@especiais, mode:FULL, rate:0
2026-03-31 13:15:41, MOVE, v:1, k:ed@princesa, mode:PICK
2026-03-31 13:15:44, EXEC, v:1, k:ed@princesa, mode:FULL, rate:100
2026-03-31 13:16:18, EXEC, v:1, k:ed@princesa, mode:FULL, rate:0, size:47
2026-03-31 13:19:26, MOVE, v:1, k:ed@princesa, mode:BACK
2026-03-31 13:21:01, MOVE, v:1, k:ed@princesa, mode:PICK
2026-03-31 13:21:02, EXEC, v:1, k:ed@princesa, mode:FULL, rate:0
2026-03-31 13:21:04, EXEC, v:1, k:ed@princesa, mode:FULL, rate:0
2026-03-31 17:28:24, MOVE, v:1, k:ed@princesa, mode:PICK
2026-03-31 17:39:30, EXEC, v:1, k:ed@princesa, mode:FULL, rate:0, size:19
2026-03-31 17:40:39, EXEC, v:1, k:ed@princesa, mode:FULL, rate:0, size:19
2026-03-31 17:41:08, EXEC, v:1, k:ed@princesa, mode:FULL, rate:0, size:19
2026-03-31 17:48:24, EXEC, v:1, k:ed@princesa, mode:FULL, rate:0, size:30
2026-03-31 17:49:40, EXEC, v:1, k:ed@princesa, mode:FULL, rate:0, size:31
2026-03-31 17:50:39, EXEC, v:1, k:ed@princesa, mode:FULL, rate:0, size:32
2026-03-31 18:00:46, EXEC, v:1, k:ed@princesa, mode:FULL, rate:0, size:34
2026-03-31 18:00:55, EXEC, v:1, k:ed@princesa, mode:FULL, rate:0, size:34
2026-03-31 18:03:01, EXEC, v:1, k:ed@princesa, mode:FULL, rate:0, size:34
2026-03-31 18:03:38, EXEC, v:1, k:ed@princesa, mode:FULL, rate:0, size:34
2026-03-31 18:05:27, EXEC, v:1, k:ed@princesa, mode:FULL, rate:0, size:34
2026-03-31 18:05:36, EXEC, v:1, k:ed@princesa, mode:FULL, rate:0, size:34
2026-03-31 18:05:42, EXEC, v:1, k:ed@princesa, mode:FULL, rate:0, size:34
2026-03-31 18:08:04, EXEC, v:1, k:ed@princesa, mode:FULL, rate:0, size:35
2026-03-31 18:44:22, MOVE, v:1, k:ed@princesa, mode:PICK
2026-03-31 18:44:25, EXEC, v:1, k:ed@princesa, mode:FULL, rate:0
2026-03-31 18:44:25, EXEC, v:1, k:ed@princesa, mode:FULL, rate:0
2026-03-31 18:47:26, EXEC, v:1, k:ed@princesa, mode:FULL, rate:0, size:33
2026-03-31 18:47:46, EXEC, v:1, k:ed@princesa, mode:FULL, rate:0, size:34
2026-03-31 18:58:33, EXEC, v:1, k:ed@princesa, mode:FULL, rate:0, size:35
2026-03-31 18:58:44, EXEC, v:1, k:ed@princesa, mode:FULL, rate:0, size:35
2026-03-31 19:25:36, EXEC, v:1, k:ed@princesa, mode:FULL, rate:0, size:62
2026-03-31 19:27:35, EXEC, v:1, k:ed@princesa, mode:FULL, rate:0, size:61
2026-03-31 19:28:43, EXEC, v:1, k:ed@princesa, mode:FULL, rate:0
2026-03-31 19:31:03, EXEC, v:1, k:ed@princesa, mode:FULL, rate:0, size:59
2026-03-31 19:31:21, EXEC, v:1, k:ed@princesa, mode:FULL, rate:100, size:59
2026-03-31 19:31:29, MOVE, v:1, k:ed@princesa, mode:BACK
2026-03-31 19:32:01, SELF, v:1, k:ed@princesa, self:1, rate:100, study:180, concept:1, refactor:1
2026-03-31 19:32:25, MOVE, v:1, k:ed@especiais, mode:PICK
2026-03-31 19:32:27, EXEC, v:1, k:ed@especiais, mode:FULL, rate:0
2026-03-31 19:32:28, EXEC, v:1, k:ed@especiais, mode:FULL, rate:0
2026-03-31 19:32:50, EXEC, v:1, k:ed@especiais, mode:FULL, rate:0
2026-03-31 19:36:30, EXEC, v:1, k:ed@especiais, mode:FREE, size:134
2026-03-31 19:48:04, MOVE, v:1, k:ed@manipulacao, mode:PICK
2026-03-31 19:48:15, EXEC, v:1, k:ed@manipulacao, mode:FULL, rate:100, size:175
2026-03-31 19:48:42, MOVE, v:1, k:ed@manipulacao, mode:BACK
2026-03-31 19:48:47, MOVE, v:1, k:ed@especiais, mode:PICK
2026-03-31 19:48:51, EXEC, v:1, k:ed@especiais, mode:FULL, rate:0
2026-03-31 19:54:38, MOVE, v:1, k:ed@especiais, mode:BACK
2026-03-31 19:54:42, MOVE, v:1, k:ed@manipulacao, mode:PICK
2026-03-31 19:54:43, EXEC, v:1, k:ed@manipulacao, mode:FULL, rate:100
2026-03-31 19:57:25, MOVE, v:1, k:ed@manipulacao, mode:BACK
2026-03-31 19:57:29, MOVE, v:1, k:ed@especiais, mode:PICK
2026-03-31 19:57:30, EXEC, v:1, k:ed@especiais, mode:FULL, size:139, fail:COMP
2026-03-31 19:57:31, EXEC, v:1, k:ed@especiais, mode:FULL, fail:COMP
2026-03-31 20:06:56, EXEC, v:1, k:ed@especiais, mode:FULL, size:140, fail:COMP
2026-03-31 20:27:17, EXEC, v:1, k:ed@especiais, mode:FULL, rate:0, size:148
2026-03-31 20:31:58, EXEC, v:1, k:ed@especiais, mode:FULL, size:157, fail:COMP
2026-03-31 20:32:23, EXEC, v:1, k:ed@especiais, mode:FULL, size:157, fail:COMP
2026-03-31 20:35:26, EXEC, v:1, k:ed@especiais, mode:FULL, rate:0, size:158
2026-03-31 20:35:56, EXEC, v:1, k:ed@especiais, mode:FULL, rate:0, size:158
2026-03-31 20:37:02, EXEC, v:1, k:ed@especiais, mode:FULL, rate:0, size:153
2026-03-31 20:37:27, MOVE, v:1, k:ed@especiais, mode:PICK
2026-03-31 20:37:27, EXEC, v:1, k:ed@especiais, mode:FULL, rate:0
2026-03-31 22:18:44, MOVE, v:1, k:ed@especiais, mode:PICK
2026-03-31 22:18:47, EXEC, v:1, k:ed@especiais, mode:FULL, rate:0
2026-03-31 22:19:17, EXEC, v:1, k:ed@especiais, mode:FULL, rate:12, size:168
2026-03-31 22:19:43, EXEC, v:1, k:ed@especiais, mode:FULL, rate:12, size:175
2026-03-31 22:20:10, EXEC, v:1, k:ed@especiais, mode:FULL, rate:12, size:182
2026-03-31 22:20:36, EXEC, v:1, k:ed@especiais, mode:FULL, rate:25, size:200
2026-03-31 22:21:02, EXEC, v:1, k:ed@especiais, mode:FULL, rate:37, size:211
2026-03-31 22:21:22, EXEC, v:1, k:ed@especiais, mode:FULL, rate:50, size:219
2026-03-31 22:21:35, EXEC, v:1, k:ed@especiais, mode:FULL, rate:50
2026-03-31 22:21:36, EXEC, v:1, k:ed@especiais, mode:FULL, rate:50
2026-03-31 22:21:37, EXEC, v:1, k:ed@especiais, mode:FULL, rate:50
2026-03-31 22:21:38, EXEC, v:1, k:ed@especiais, mode:FULL, rate:50
2026-03-31 22:21:48, EXEC, v:1, k:ed@especiais, mode:FULL, rate:50
2026-03-31 22:21:48, EXEC, v:1, k:ed@especiais, mode:FULL, rate:50
2026-03-31 22:21:49, EXEC, v:1, k:ed@especiais, mode:FULL, rate:50
2026-03-31 22:23:56, EXEC, v:1, k:ed@especiais, mode:FULL, rate:62, size:227
2026-03-31 22:24:00, EXEC, v:1, k:ed@especiais, mode:FULL, rate:62
2026-03-31 22:24:47, EXEC, v:1, k:ed@especiais, mode:FULL, rate:75, size:228
2026-03-31 22:25:11, MOVE, v:1, k:ed@especiais, mode:PICK
2026-03-31 22:30:10, EXEC, v:1, k:ed@especiais, mode:FULL, rate:75
2026-03-31 22:31:08, EXEC, v:1, k:ed@especiais, mode:FULL, rate:87, size:233
2026-03-31 22:31:47, EXEC, v:1, k:ed@especiais, mode:FULL, rate:87
2026-03-31 22:31:48, EXEC, v:1, k:ed@especiais, mode:FULL, rate:87
2026-03-31 22:31:49, EXEC, v:1, k:ed@especiais, mode:FULL, rate:87
2026-03-31 22:32:17, EXEC, v:1, k:ed@especiais, mode:FULL, rate:100, size:237
2026-03-31 22:32:28, MOVE, v:1, k:ed@especiais, mode:BACK
2026-03-31 22:33:17, MOVE, v:1, k:ed@especiais, mode:PICK
2026-03-31 22:33:21, EXEC, v:1, k:ed@especiais, mode:FULL, rate:100
