2026-03-17 00:27:26, EXEC, v:1, k:ed@fuga, mode:FULL, rate:100, size:35
2026-03-17 00:27:27, EXEC, v:1, k:ed@fuga, mode:FULL, rate:100
2026-03-17 00:27:43, MOVE, v:1, k:ed@fuga, mode:BACK
2026-03-17 00:28:40, SELF, v:1, k:ed@fuga, self:1, rate:100, study:90, friend:nao, refactor:1
2026-03-17 00:30:11, MOVE, v:1, k:ed@pedra, mode:DOWN
2026-03-17 00:30:13, MOVE, v:1, k:ed@pedra, mode:PICK
2026-03-17 00:30:18, EXEC, v:1, k:ed@pedra, mode:FULL, rate:0, size:5
2026-03-17 00:45:25, EXEC, v:1, k:ed@pedra, mode:FULL, rate:0, size:11
2026-03-17 00:47:31, EXEC, v:1, k:ed@pedra, mode:FULL, rate:8, size:14
2026-03-17 01:20:29, EXEC, v:1, k:ed@pedra, mode:FULL, rate:0, size:26
2026-03-17 01:21:09, EXEC, v:1, k:ed@pedra, mode:FULL, rate:0
2026-03-17 01:21:10, EXEC, v:1, k:ed@pedra, mode:FULL, rate:0
2026-03-17 01:30:18, EXEC, v:1, k:ed@pedra, mode:FULL, rate:0, size:30
2026-03-17 01:31:26, EXEC, v:1, k:ed@pedra, mode:FULL, rate:0, size:30
2026-03-17 01:35:08, EXEC, v:1, k:ed@pedra, mode:FULL, rate:0, size:34
2026-03-17 01:37:51, EXEC, v:1, k:ed@pedra, mode:FULL, rate:0, size:39
2026-03-17 01:38:58, EXEC, v:1, k:ed@pedra, mode:FULL, rate:100, size:39
2026-03-17 01:39:35, EXEC, v:1, k:ed@pedra, mode:FULL, rate:50, size:34
2026-03-17 01:43:07, EXEC, v:1, k:ed@pedra, mode:FULL, rate:0, size:39
2026-03-17 01:43:09, EXEC, v:1, k:ed@pedra, mode:FULL, rate:0
2026-03-17 01:43:24, EXEC, v:1, k:ed@pedra, mode:FULL, rate:100, size:39
2026-03-17 01:43:29, MOVE, v:1, k:ed@pedra, mode:BACK
2026-03-17 01:44:28, SELF, v:1, k:ed@pedra, self:1, rate:100, study:60, friend:nao, concept:1, problem:1, debug:1
