2026-07-03 13:13:26, MOVE, v:1, k:ed@altura, mode:PICK
2026-07-03 13:13:42, EXEC, v:1, k:ed@altura, mode:FULL, rate:0, size:117
2026-07-03 13:13:42, MOVE, v:1, k:ed@altura, mode:EDIT
2026-07-03 13:20:51, MOVE, v:1, k:ed@altura, mode:EDIT
2026-07-03 13:26:38, EXEC, v:1, k:ed@altura, mode:FULL, rate:0, size:132
2026-07-03 13:27:09, EXEC, v:1, k:ed@altura, mode:FULL, size:132, fail:COMP
2026-07-03 13:27:23, EXEC, v:1, k:ed@altura, mode:FULL, rate:0, size:132
2026-07-03 13:27:23, MOVE, v:1, k:ed@altura, mode:EDIT
2026-07-03 13:27:23, MOVE, v:1, k:ed@altura, mode:EDIT
2026-07-03 13:31:08, EXEC, v:1, k:ed@altura, mode:FULL, rate:0, size:132
2026-07-03 13:31:28, EXEC, v:1, k:ed@altura, mode:FULL, rate:0
2026-07-03 13:31:28, EXEC, v:1, k:ed@altura, mode:FULL, rate:0
2026-07-03 13:31:30, EXEC, v:1, k:ed@altura, mode:FULL, rate:0
2026-07-03 13:31:30, EXEC, v:1, k:ed@altura, mode:FULL, rate:0
2026-07-03 13:33:01, MOVE, v:1, k:ed@altura, mode:EDIT
2026-07-03 13:31:30, MOVE, v:1, k:ed@altura, mode:EDIT
2026-07-03 13:35:22, EXEC, v:1, k:ed@altura, mode:FULL, rate:14, size:139
2026-07-03 13:35:24, EXEC, v:1, k:ed@altura, mode:FULL, rate:14
2026-07-03 13:36:16, EXEC, v:1, k:ed@altura, mode:FULL, rate:14, size:139
2026-07-03 13:36:17, EXEC, v:1, k:ed@altura, mode:FULL, rate:14
2026-07-03 13:36:28, EXEC, v:1, k:ed@altura, mode:FULL, rate:14, size:139
2026-07-03 13:37:11, EXEC, v:1, k:ed@altura, mode:FULL, rate:14, size:139
2026-07-03 13:37:29, EXEC, v:1, k:ed@altura, mode:FULL, rate:14, size:139
2026-07-03 13:37:29, MOVE, v:1, k:ed@altura, mode:EDIT
2026-07-03 13:37:29, MOVE, v:1, k:ed@altura, mode:EDIT
2026-07-03 13:41:19, EXEC, v:1, k:ed@altura, mode:FULL, rate:42, size:139
2026-07-03 13:42:01, EXEC, v:1, k:ed@altura, mode:FULL, rate:100, size:139
2026-07-03 13:42:17, MOVE, v:1, k:ed@altura, mode:BACK
2026-07-03 13:42:40, MOVE, v:1, k:ed@altura, mode:PICK
2026-07-03 13:42:42, EXEC, v:1, k:ed@altura, mode:FULL, rate:100
2026-07-03 13:42:44, MOVE, v:1, k:ed@altura, mode:BACK
2026-07-03 13:42:00, MOVE, v:1, k:ed@altura, mode:EDIT
2026-07-03 13:42:42, MOVE, v:1, k:ed@altura, mode:EDIT
2026-07-03 13:43:18, SELF, v:1, k:ed@altura, self:1, rate:100, study:40, concept:1, problem:1, debug:1, refactor:1
2026-07-03 13:44:13, MOVE, v:1, k:ed@compare, mode:DOWN
2026-07-03 13:44:15, MOVE, v:1, k:ed@compare, mode:PICK
2026-07-03 13:44:16, EXEC, v:1, k:ed@compare, mode:FULL, rate:25, size:83
2026-07-03 13:44:13, MOVE, v:1, k:ed@compare, mode:EDIT
2026-07-03 13:44:13, MOVE, v:1, k:ed@compare, mode:EDIT
2026-07-03 13:44:13, MOVE, v:1, k:ed@compare, mode:EDIT
2026-07-03 13:45:58, MOVE, v:1, k:ed@compare, mode:EDIT
2026-07-03 13:44:16, MOVE, v:1, k:ed@compare, mode:EDIT
2026-07-03 13:49:54, EXEC, v:1, k:ed@compare, mode:FULL, rate:25, size:92
2026-07-03 13:52:59, MOVE, v:1, k:ed@compare, mode:EDIT
2026-07-03 13:49:54, MOVE, v:1, k:ed@compare, mode:EDIT
2026-07-03 13:57:32, EXEC, v:1, k:ed@compare, mode:FULL, rate:37, size:100
2026-07-03 13:58:00, MOVE, v:1, k:ed@compare, mode:EDIT
2026-07-03 13:57:32, MOVE, v:1, k:ed@compare, mode:EDIT
2026-07-03 13:58:30, EXEC, v:1, k:ed@compare, mode:FULL, rate:37, size:102
2026-07-03 14:00:02, EXEC, v:1, k:ed@compare, mode:FULL, rate:50, size:102
2026-07-03 14:01:31, EXEC, v:1, k:ed@compare, mode:FULL, rate:75, size:101
2026-07-03 14:01:35, EXEC, v:1, k:ed@compare, mode:FULL, rate:75
2026-07-03 14:01:29, MOVE, v:1, k:ed@compare, mode:EDIT
2026-07-03 14:01:35, MOVE, v:1, k:ed@compare, mode:EDIT
2026-07-03 14:05:01, EXEC, v:1, k:ed@compare, mode:FULL, rate:75, size:103
2026-07-03 14:07:59, EXEC, v:1, k:ed@compare, mode:FULL, rate:50, size:103
2026-07-03 14:07:57, MOVE, v:1, k:ed@compare, mode:EDIT
2026-07-03 14:07:58, MOVE, v:1, k:ed@compare, mode:EDIT
2026-07-03 14:12:49, EXEC, v:1, k:ed@compare, mode:FULL, rate:100, size:106
2026-07-03 14:12:47, MOVE, v:1, k:ed@compare, mode:EDIT
2026-07-03 14:12:49, MOVE, v:1, k:ed@compare, mode:EDIT
2026-07-03 14:15:56, MOVE, v:1, k:ed@compare, mode:BACK
2026-07-03 14:16:23, SELF, v:1, k:ed@compare, self:1, rate:100, study:35, concept:1, problem:1, refactor:1
2026-07-03 20:11:55, SELF, v:1, k:ed@editorint, self:1, rate:100, study:360, concept:1, refactor:1
2026-07-03 20:11:55, MOVE, v:1, k:ed@editorint, mode:PICK
2026-07-03 20:11:57, MOVE, v:1, k:ed@editorint, mode:BACK
2026-07-03 20:12:34, MOVE, v:1, k:ed@arvore-path, mode:DOWN
2026-07-03 20:12:35, MOVE, v:1, k:ed@arvore-path, mode:PICK
2026-07-03 20:12:36, EXEC, v:1, k:ed@arvore-path, mode:FULL, size:80, fail:COMP
2026-07-03 20:12:34, MOVE, v:1, k:ed@arvore-path, mode:EDIT
2026-07-03 20:12:34, MOVE, v:1, k:ed@arvore-path, mode:EDIT
2026-07-03 20:12:34, MOVE, v:1, k:ed@arvore-path, mode:EDIT
2026-07-03 20:16:14, MOVE, v:1, k:ed@arvore-path, mode:EDIT
2026-07-03 20:18:06, EXEC, v:1, k:ed@arvore-path, mode:FULL, rate:0, size:86
2026-07-03 20:19:58, EXEC, v:1, k:ed@arvore-path, mode:FULL, rate:0, size:90
2026-07-03 20:20:13, EXEC, v:1, k:ed@arvore-path, mode:FULL, rate:12, size:90
2026-07-03 20:21:12, MOVE, v:1, k:ed@arvore-path, mode:EDIT
2026-07-03 20:20:13, MOVE, v:1, k:ed@arvore-path, mode:EDIT
2026-07-03 20:24:13, EXEC, v:1, k:ed@arvore-path, mode:FULL, rate:25, size:98
2026-07-03 20:25:45, EXEC, v:1, k:ed@arvore-path, mode:FULL, rate:12, size:98
2026-07-03 20:25:44, MOVE, v:1, k:ed@arvore-path, mode:EDIT
2026-07-03 20:25:45, MOVE, v:1, k:ed@arvore-path, mode:EDIT
2026-07-03 20:27:05, EXEC, v:1, k:ed@arvore-path, mode:FULL, rate:25, size:98
2026-07-03 20:28:56, EXEC, v:1, k:ed@arvore-path, mode:FULL, rate:25, size:100
2026-07-03 20:29:34, EXEC, v:1, k:ed@arvore-path, mode:FULL, rate:25, size:100
2026-07-03 20:31:16, MOVE, v:1, k:ed@arvore-path, mode:EDIT
2026-07-03 20:29:34, MOVE, v:1, k:ed@arvore-path, mode:EDIT
2026-07-03 20:31:30, EXEC, v:1, k:ed@arvore-path, mode:FULL, rate:12, size:102
2026-07-03 20:31:48, EXEC, v:1, k:ed@arvore-path, mode:FULL, rate:12, size:102
2026-07-03 20:32:17, EXEC, v:1, k:ed@arvore-path, mode:FULL, rate:12, size:103
2026-07-03 20:33:14, EXEC, v:1, k:ed@arvore-path, mode:FULL, rate:12, size:103
2026-07-03 20:34:36, EXEC, v:1, k:ed@arvore-path, mode:FULL, rate:12, size:103
2026-07-03 20:34:38, EXEC, v:1, k:ed@arvore-path, mode:FULL, rate:12
2026-07-03 20:34:36, MOVE, v:1, k:ed@arvore-path, mode:EDIT
2026-07-03 20:34:38, MOVE, v:1, k:ed@arvore-path, mode:EDIT
2026-07-03 20:36:48, EXEC, v:1, k:ed@arvore-path, mode:FULL, rate:12, size:103
2026-07-03 20:36:59, EXEC, v:1, k:ed@arvore-path, mode:FULL, rate:12
2026-07-03 20:37:01, EXEC, v:1, k:ed@arvore-path, mode:FULL, rate:12
2026-07-03 20:40:04, EXEC, v:1, k:ed@arvore-path, mode:FULL, rate:12, size:104
2026-07-03 20:41:01, MOVE, v:1, k:ed@arvore-path, mode:EDIT
2026-07-03 20:40:04, MOVE, v:1, k:ed@arvore-path, mode:EDIT
2026-07-03 20:45:13, EXEC, v:1, k:ed@arvore-path, mode:FULL, rate:25, size:107
2026-07-03 20:45:12, MOVE, v:1, k:ed@arvore-path, mode:EDIT
2026-07-03 20:45:13, MOVE, v:1, k:ed@arvore-path, mode:EDIT
2026-07-03 20:53:54, EXEC, v:1, k:ed@arvore-path, mode:FULL, rate:25, size:107
2026-07-03 20:55:39, EXEC, v:1, k:ed@arvore-path, mode:FULL, rate:37, size:108
2026-07-03 20:56:05, MOVE, v:1, k:ed@arvore-path, mode:EDIT
2026-07-03 20:55:39, MOVE, v:1, k:ed@arvore-path, mode:EDIT
2026-07-03 20:57:06, EXEC, v:1, k:ed@arvore-path, mode:FULL, rate:37, size:111
2026-07-03 20:57:37, EXEC, v:1, k:ed@arvore-path, mode:FULL, rate:37, size:112
2026-07-03 20:59:31, EXEC, v:1, k:ed@arvore-path, mode:FULL, rate:100, size:108
2026-07-03 20:59:53, MOVE, v:1, k:ed@arvore-path, mode:BACK
2026-07-03 21:00:22, SELF, v:1, k:ed@arvore-path, self:1, rate:100, study:50, concept:1, refactor:1
2026-07-03 21:01:28, MOVE, v:1, k:ed@bst_insert, mode:DOWN
2026-07-03 21:01:29, MOVE, v:1, k:ed@bst_insert, mode:PICK
2026-07-03 21:01:30, EXEC, v:1, k:ed@bst_insert, mode:FULL, rate:0, size:65
2026-07-03 21:01:32, EXEC, v:1, k:ed@bst_insert, mode:FULL, rate:0
2026-07-03 21:01:28, MOVE, v:1, k:ed@bst_insert, mode:EDIT
2026-07-03 21:01:28, MOVE, v:1, k:ed@bst_insert, mode:EDIT
2026-07-03 21:01:28, MOVE, v:1, k:ed@bst_insert, mode:EDIT
2026-07-03 21:01:31, MOVE, v:1, k:ed@bst_insert, mode:EDIT
