2026-04-01 00:35:12, SELF, v:1, k:ed@especiais, self:1, rate:100, concept:1, problem:1, debug:1, refactor:1
2026-04-01 00:35:36, MOVE, v:1, k:ed@buscas, mode:DOWN
2026-04-01 00:35:38, MOVE, v:1, k:ed@buscas, mode:PICK
2026-04-01 00:35:41, EXEC, v:1, k:ed@buscas, mode:FULL, rate:0, size:5
2026-04-01 00:40:15, EXEC, v:1, k:ed@buscas, mode:FULL, rate:0, size:21
2026-04-01 00:43:48, EXEC, v:1, k:ed@buscas, mode:FULL, size:27, fail:COMP
2026-04-01 00:48:56, EXEC, v:1, k:ed@buscas, mode:FULL, size:34, fail:COMP
2026-04-01 00:49:57, EXEC, v:1, k:ed@buscas, mode:FULL, size:34, fail:COMP
2026-04-01 00:50:23, EXEC, v:1, k:ed@buscas, mode:FULL, rate:0, size:34
2026-04-01 00:52:10, EXEC, v:1, k:ed@buscas, mode:FULL, size:34, fail:COMP
2026-04-01 00:52:42, EXEC, v:1, k:ed@buscas, mode:FULL, size:34, fail:COMP
2026-04-01 00:53:04, MOVE, v:1, k:ed@buscas, mode:BACK
2026-04-01 00:53:08, MOVE, v:1, k:ed@buscas, mode:PICK
2026-04-01 00:53:09, EXEC, v:1, k:ed@buscas, mode:FULL, size:34, fail:COMP
2026-04-01 00:53:10, EXEC, v:1, k:ed@buscas, mode:FULL, fail:COMP
2026-04-01 00:53:11, EXEC, v:1, k:ed@buscas, mode:FULL, fail:COMP
2026-04-01 00:54:47, EXEC, v:1, k:ed@buscas, mode:FULL, rate:0, size:34
2026-04-01 00:54:50, EXEC, v:1, k:ed@buscas, mode:FULL, rate:0
2026-04-01 00:54:50, EXEC, v:1, k:ed@buscas, mode:FULL, rate:0
2026-04-01 00:55:17, EXEC, v:1, k:ed@buscas, mode:FULL, rate:0, size:35
2026-04-01 00:55:25, EXEC, v:1, k:ed@buscas, mode:FULL, size:35, fail:COMP
2026-04-01 00:55:32, EXEC, v:1, k:ed@buscas, mode:FULL, rate:0, size:35
2026-04-01 00:57:25, EXEC, v:1, k:ed@buscas, mode:FULL, rate:0, size:35
2026-04-01 00:58:49, EXEC, v:1, k:ed@buscas, mode:FULL, rate:0, size:35
2026-04-01 00:59:27, EXEC, v:1, k:ed@buscas, mode:FULL, rate:0, size:41
2026-04-01 00:59:29, EXEC, v:1, k:ed@buscas, mode:FULL, rate:0
2026-04-01 00:59:30, EXEC, v:1, k:ed@buscas, mode:FULL, rate:0
2026-04-01 01:01:10, EXEC, v:1, k:ed@buscas, mode:FULL, rate:0, size:43
2026-04-01 01:01:17, MOVE, v:1, k:ed@buscas, mode:BACK
2026-04-01 01:01:44, MOVE, v:1, k:ed@buscas, mode:PICK
2026-04-01 01:01:46, EXEC, v:1, k:ed@buscas, mode:FULL, rate:0
2026-04-01 01:05:16, EXEC, v:1, k:ed@buscas, mode:FULL, rate:0, size:46
2026-04-01 01:05:41, EXEC, v:1, k:ed@buscas, mode:FULL, rate:0, size:46
2026-04-01 01:05:48, EXEC, v:1, k:ed@buscas, mode:FULL, size:46, fail:COMP
2026-04-01 01:05:56, EXEC, v:1, k:ed@buscas, mode:FULL, rate:0, size:46
2026-04-01 01:06:23, EXEC, v:1, k:ed@buscas, mode:FULL, rate:0, size:47
2026-04-01 01:06:40, MOVE, v:1, k:ed@buscas, mode:PICK
2026-04-01 01:06:41, EXEC, v:1, k:ed@buscas, mode:FULL, rate:0
2026-04-01 01:06:42, EXEC, v:1, k:ed@buscas, mode:FULL, rate:0
2026-04-01 01:07:12, EXEC, v:1, k:ed@buscas, mode:FULL, rate:0, size:47
2026-04-01 01:07:32, EXEC, v:1, k:ed@buscas, mode:FULL, size:45, fail:COMP
2026-04-01 01:07:49, MOVE, v:1, k:ed@buscas, mode:PICK
2026-04-01 01:07:50, EXEC, v:1, k:ed@buscas, mode:FULL, fail:COMP
2026-04-01 01:08:05, EXEC, v:1, k:ed@buscas, mode:FULL, rate:0, size:45
2026-04-01 01:09:46, EXEC, v:1, k:ed@buscas, mode:FULL, rate:100, size:47
2026-04-01 01:09:52, EXEC, v:1, k:ed@buscas, mode:FULL, rate:100
2026-04-01 01:10:03, MOVE, v:1, k:ed@buscas, mode:BACK
2026-04-01 01:10:19, SELF, v:1, k:ed@buscas, self:1, rate:100, concept:1, refactor:1
