2026-05-26 13:21:08, MOVE, v:1, k:ed@fila_enc, mode:DOWN
2026-05-26 13:21:09, MOVE, v:1, k:ed@fila_enc, mode:PICK
2026-05-26 13:21:17, EXEC, v:1, k:ed@fila_enc, mode:FULL, rate:0, size:82
2026-05-26 13:21:17, EXEC, v:1, k:ed@fila_enc, mode:FULL, rate:0, size:82
2026-05-26 13:23:39, MOVE, v:1, k:ed@fila_enc, mode:BACK
2026-05-26 13:23:42, MOVE, v:1, k:ed@bufferring, mode:DOWN
2026-05-26 13:23:44, MOVE, v:1, k:ed@bufferring, mode:PICK
2026-05-26 13:23:46, EXEC, v:1, k:ed@bufferring, mode:FULL, rate:0, size:110
2026-05-26 13:21:08, MOVE, v:1, k:ed@fila_enc, mode:EDIT
2026-05-26 13:21:08, MOVE, v:1, k:ed@fila_enc, mode:EDIT
2026-05-26 13:23:15, MOVE, v:1, k:ed@fila_enc, mode:EDIT
2026-05-26 13:21:17, MOVE, v:1, k:ed@fila_enc, mode:EDIT
2026-05-26 13:23:42, MOVE, v:1, k:ed@bufferring, mode:EDIT
2026-05-26 13:23:42, MOVE, v:1, k:ed@bufferring, mode:EDIT
2026-05-26 13:23:42, MOVE, v:1, k:ed@bufferring, mode:EDIT
2026-05-26 13:23:42, MOVE, v:1, k:ed@bufferring, mode:EDIT
2026-05-26 13:23:46, MOVE, v:1, k:ed@bufferring, mode:EDIT
2026-05-26 13:44:50, MOVE, v:1, k:ed@bufferring, mode:EDIT
2026-05-26 13:47:57, MOVE, v:1, k:ed@bufferring, mode:EDIT
2026-05-26 14:43:35, MOVE, v:1, k:ed@editor, mode:DOWN
2026-05-26 14:43:36, MOVE, v:1, k:ed@editor, mode:PICK
2026-05-26 14:45:40, SELF, v:1, k:ed@editorint, self:1, rate:80, study:360, concept:1, refactor:1
