2026-07-06 02:47:04, MOVE, v:1, k:ed@longest, mode:PICK
2026-07-06 02:47:05, EXEC, v:1, k:ed@longest, mode:FULL, size:70, fail:COMP
2026-07-06 02:47:06, EXEC, v:1, k:ed@longest, mode:FULL, fail:COMP
2026-07-06 02:50:12, EXEC, v:1, k:ed@longest, mode:FULL, size:79, fail:COMP
2026-07-06 02:51:51, MOVE, v:1, k:ed@longest, mode:EDIT
2026-07-06 02:56:56, MOVE, v:1, k:ed@longest, mode:EDIT
2026-07-06 02:58:30, EXEC, v:1, k:ed@longest, mode:FULL, rate:0, size:91
2026-07-06 02:58:46, EXEC, v:1, k:ed@longest, mode:FULL, rate:0, size:91
2026-07-06 02:59:24, EXEC, v:1, k:ed@longest, mode:FULL, rate:0, size:93
2026-07-06 03:00:14, EXEC, v:1, k:ed@longest, mode:FULL, rate:100, size:94
2026-07-06 03:00:58, EXEC, v:1, k:ed@longest, mode:FULL, rate:100, size:94
2026-07-06 03:01:03, MOVE, v:1, k:ed@longest, mode:BACK
2026-07-06 03:01:40, SELF, v:1, k:ed@longest, self:1, rate:100, study:50, guided:1, concept:1, refactor:1
2026-07-06 03:00:57, MOVE, v:1, k:ed@longest, mode:EDIT
2026-07-06 03:00:58, MOVE, v:1, k:ed@longest, mode:EDIT
2026-07-06 03:02:06, MOVE, v:1, k:ed@caminho, mode:DOWN
2026-07-06 03:02:07, MOVE, v:1, k:ed@caminho, mode:PICK
2026-07-06 03:02:08, EXEC, v:1, k:ed@caminho, mode:FULL, size:111, fail:COMP
2026-07-06 03:02:05, MOVE, v:1, k:ed@caminho, mode:EDIT
2026-07-06 03:02:05, MOVE, v:1, k:ed@caminho, mode:EDIT
2026-07-06 03:02:05, MOVE, v:1, k:ed@caminho, mode:EDIT
2026-07-06 03:02:06, MOVE, v:1, k:ed@caminho, mode:EDIT
2026-07-06 03:02:06, MOVE, v:1, k:ed@caminho, mode:EDIT
2026-07-06 03:09:53, EXEC, v:1, k:ed@caminho, mode:FULL, size:117, fail:COMP
2026-07-06 03:11:55, MOVE, v:1, k:ed@caminho, mode:EDIT
2026-07-06 03:16:56, MOVE, v:1, k:ed@caminho, mode:EDIT
2026-07-06 03:21:22, EXEC, v:1, k:ed@caminho, mode:FULL, size:151, fail:COMP
2026-07-06 03:21:41, EXEC, v:1, k:ed@caminho, mode:FULL, rate:100, size:153
2026-07-06 03:21:51, MOVE, v:1, k:ed@caminho, mode:BACK
2026-07-06 03:21:40, MOVE, v:1, k:ed@caminho, mode:EDIT
2026-07-06 03:21:41, MOVE, v:1, k:ed@caminho, mode:EDIT
2026-07-06 03:22:19, MOVE, v:1, k:ed@caminho, mode:PICK
2026-07-06 03:22:20, EXEC, v:1, k:ed@caminho, mode:FULL, rate:100
2026-07-06 03:22:22, MOVE, v:1, k:ed@caminho, mode:BACK
2026-07-06 03:22:37, SELF, v:1, k:ed@caminho, self:1, rate:100, study:30, guided:1
2026-07-06 03:23:05, SELF, v:1, k:ed@caminho, self:1, rate:100, study:30
2026-07-06 03:23:26, SELF, v:1, k:ed@caminho, self:1, rate:100, study:30, guided:1
2026-07-06 03:23:38, MOVE, v:1, k:ed@rotten, mode:DOWN
2026-07-06 03:23:40, MOVE, v:1, k:ed@rotten, mode:PICK
2026-07-06 03:23:41, EXEC, v:1, k:ed@rotten, mode:FULL, rate:0, size:5
