2026-05-19 00:02:02, EXEC, v:1, k:ed@lista_d4, mode:FULL, rate:0, size:132
2026-05-19 00:03:53, MOVE, v:1, k:ed@lista_d4, mode:EDIT
2026-05-19 00:02:02, MOVE, v:1, k:ed@lista_d4, mode:EDIT
2026-05-19 00:05:13, EXEC, v:1, k:ed@lista_d4, mode:FULL, rate:0, size:136
2026-05-19 00:06:03, EXEC, v:1, k:ed@lista_d4, mode:FULL, rate:0, size:137
2026-05-19 00:06:14, EXEC, v:1, k:ed@lista_d4, mode:FULL, rate:0
2026-05-19 00:08:59, MOVE, v:1, k:ed@lista_d4, mode:EDIT
2026-05-19 00:06:14, MOVE, v:1, k:ed@lista_d4, mode:EDIT
2026-05-19 00:12:06, EXEC, v:1, k:ed@lista_d4, mode:FULL, size:147, fail:COMP
2026-05-19 00:13:51, MOVE, v:1, k:ed@lista_d4, mode:EDIT
2026-05-19 00:15:12, EXEC, v:1, k:ed@lista_d4, mode:FULL, size:148, fail:COMP
2026-05-19 00:16:00, EXEC, v:1, k:ed@lista_d4, mode:FULL, size:143, fail:COMP
2026-05-19 00:16:50, EXEC, v:1, k:ed@lista_d4, mode:FULL, size:143, fail:COMP
2026-05-19 00:17:42, EXEC, v:1, k:ed@lista_d4, mode:FULL, fail:COMP
2026-05-19 00:17:50, EXEC, v:1, k:ed@lista_d4, mode:FULL, rate:66, size:143
2026-05-19 00:19:00, MOVE, v:1, k:ed@lista_d4, mode:EDIT
2026-05-19 00:17:50, MOVE, v:1, k:ed@lista_d4, mode:EDIT
2026-05-19 00:21:14, EXEC, v:1, k:ed@lista_d4, mode:FULL, rate:66, size:150
2026-05-19 00:21:11, MOVE, v:1, k:ed@lista_d4, mode:EDIT
2026-05-19 00:21:14, MOVE, v:1, k:ed@lista_d4, mode:EDIT
2026-05-19 00:27:10, EXEC, v:1, k:ed@lista_d4, mode:FULL, rate:100, size:150
2026-05-19 00:27:33, EXEC, v:1, k:ed@lista_d4, mode:FULL, rate:100
2026-05-19 00:27:31, MOVE, v:1, k:ed@lista_d4, mode:EDIT
2026-05-19 00:27:33, MOVE, v:1, k:ed@lista_d4, mode:EDIT
2026-05-19 00:31:22, MOVE, v:1, k:ed@lista_d4, mode:BACK
2026-05-19 00:32:16, MOVE, v:1, k:ed@lista_d4, mode:PICK
2026-05-19 00:32:18, MOVE, v:1, k:ed@lista_d4, mode:BACK
2026-05-19 00:32:44, SELF, v:1, k:ed@lista_d4, self:1, rate:100, study:50, concept:1, problem:1, refactor:1
2026-05-19 00:32:57, MOVE, v:1, k:ed@prin_list1, mode:DOWN
2026-05-19 00:32:59, MOVE, v:1, k:ed@prin_list1, mode:PICK
2026-05-19 00:33:53, EXEC, v:1, k:ed@prin_list1, mode:FULL, size:172, fail:COMP
2026-05-19 00:32:57, MOVE, v:1, k:ed@prin_list1, mode:EDIT
2026-05-19 00:32:57, MOVE, v:1, k:ed@prin_list1, mode:EDIT
2026-05-19 00:32:57, MOVE, v:1, k:ed@prin_list1, mode:EDIT
2026-05-19 13:11:50, MOVE, v:1, k:ed@prin_list1, mode:PICK
2026-05-19 13:11:55, EXEC, v:1, k:ed@prin_list1, mode:FULL, fail:COMP
2026-05-19 13:12:07, MOVE, v:1, k:ed@prin_list1, mode:BACK
2026-05-19 13:12:34, MOVE, v:1, k:ed@princesa, mode:PICK
2026-05-19 13:12:37, EXEC, v:1, k:ed@princesa, mode:FULL, rate:100, size:59
2026-05-19 13:12:37, MOVE, v:1, k:ed@princesa, mode:EDIT
2026-05-19 13:15:58, MOVE, v:1, k:ed@princesa, mode:BACK
2026-05-19 13:18:18, MOVE, v:1, k:ed@prin_list1, mode:PICK
2026-05-19 13:18:19, EXEC, v:1, k:ed@prin_list1, mode:FULL, fail:COMP
2026-05-19 13:19:43, MOVE, v:1, k:ed@prin_list1, mode:BACK
