2026-04-03 17:56:34, MOVE, v:1, k:ed@resto, mode:DOWN
2026-04-03 17:56:37, MOVE, v:1, k:ed@resto, mode:PICK
2026-04-03 17:56:47, EXEC, v:1, k:ed@resto, mode:FULL, rate:0, size:5
2026-04-03 17:56:48, EXEC, v:1, k:ed@resto, mode:FULL, rate:0
2026-04-03 18:05:43, EXEC, v:1, k:ed@resto, mode:FULL, size:15, fail:COMP
2026-04-03 18:06:53, EXEC, v:1, k:ed@resto, mode:FULL, size:16, fail:COMP
2026-04-03 18:12:50, EXEC, v:1, k:ed@resto, mode:FULL, rate:0, size:16
2026-04-03 18:13:13, EXEC, v:1, k:ed@resto, mode:FULL, rate:0, size:16
2026-04-03 18:13:25, EXEC, v:1, k:ed@resto, mode:FULL, rate:0, size:16
2026-04-03 18:14:44, EXEC, v:1, k:ed@resto, mode:FULL, rate:0, size:17
2026-04-03 18:14:58, EXEC, v:1, k:ed@resto, mode:FULL, rate:0, size:17
2026-04-03 18:18:41, EXEC, v:1, k:ed@resto, mode:FULL, rate:100, size:23
2026-04-03 18:20:18, EXEC, v:1, k:ed@resto, mode:FULL, rate:100, size:19
2026-04-03 18:22:56, MOVE, v:1, k:ed@resto, mode:BACK
2026-04-03 18:23:18, MOVE, v:1, k:ed@resto, mode:PICK
2026-04-03 18:23:20, EXEC, v:1, k:ed@resto, mode:FULL, rate:100
2026-04-03 18:23:21, EXEC, v:1, k:ed@resto, mode:FULL, rate:100
2026-04-03 18:23:22, MOVE, v:1, k:ed@resto, mode:BACK
2026-04-03 18:24:07, SELF, v:1, k:ed@resto, self:1, rate:100, study:20
2026-04-03 18:39:17, MOVE, v:1, k:ed@resto, mode:PICK
2026-04-03 18:39:18, EXEC, v:1, k:ed@resto, mode:FULL, rate:100
2026-04-03 18:39:19, EXEC, v:1, k:ed@resto, mode:FULL, rate:100
2026-04-03 18:39:20, EXEC, v:1, k:ed@resto, mode:FULL, rate:100
2026-04-03 18:39:22, MOVE, v:1, k:ed@resto, mode:BACK
2026-04-03 18:51:44, MOVE, v:1, k:ed@eh_primo, mode:DOWN
2026-04-03 18:53:13, MOVE, v:1, k:ed@mdc, mode:DOWN
2026-04-03 18:53:14, MOVE, v:1, k:ed@mdc, mode:PICK
2026-04-03 18:53:16, EXEC, v:1, k:ed@mdc, mode:FULL, rate:0, size:15
2026-04-03 18:54:29, EXEC, v:1, k:ed@mdc, mode:FREE
2026-04-03 19:12:34, EXEC, v:1, k:ed@mdc, mode:FULL, rate:100, size:24
2026-04-03 19:16:15, EXEC, v:1, k:ed@mdc, mode:FULL, rate:0, size:25
2026-04-03 19:48:45, SELF, v:1, k:ed@mdc, self:1
2026-04-03 19:48:48, MOVE, v:1, k:ed@resto, mode:PICK
2026-04-03 19:48:51, EXEC, v:1, k:ed@resto, mode:FULL, rate:100
2026-04-03 19:48:51, EXEC, v:1, k:ed@resto, mode:FULL, rate:100
2026-04-03 19:48:51, EXEC, v:1, k:ed@resto, mode:FULL, rate:100
2026-04-03 19:48:52, MOVE, v:1, k:ed@resto, mode:BACK
2026-04-03 19:49:06, SELF, v:1, k:ed@resto, self:1, rate:100, study:40
2026-04-03 19:49:06, MOVE, v:1, k:ed@resto, mode:PICK
2026-04-03 19:49:08, MOVE, v:1, k:ed@resto, mode:BACK
2026-04-03 19:49:12, MOVE, v:1, k:ed@mdc, mode:PICK
2026-04-03 19:49:14, EXEC, v:1, k:ed@mdc, mode:FULL, rate:0
2026-04-03 19:49:15, EXEC, v:1, k:ed@mdc, mode:FULL, rate:0
2026-04-03 19:49:22, EXEC, v:1, k:ed@mdc, mode:FULL, rate:100, size:25
2026-04-03 19:49:23, MOVE, v:1, k:ed@mdc, mode:BACK
2026-04-03 19:49:42, SELF, v:1, k:ed@mdc, self:1, rate:100, study:30
2026-04-03 19:49:42, MOVE, v:1, k:ed@mdc, mode:PICK
2026-04-03 19:49:44, MOVE, v:1, k:ed@mdc, mode:BACK
2026-04-03 19:49:46, MOVE, v:1, k:ed@mdc, mode:PICK
2026-04-03 19:49:47, EXEC, v:1, k:ed@mdc, mode:FULL, rate:100
2026-04-03 19:49:48, MOVE, v:1, k:ed@mdc, mode:BACK
2026-04-03 19:50:24, SELF, v:1, k:ed@mdc, self:1, study:20
2026-04-03 19:50:27, MOVE, v:1, k:ed@resto, mode:PICK
2026-04-03 19:50:29, MOVE, v:1, k:ed@resto, mode:BACK
2026-04-03 19:51:02, MOVE, v:1, k:ed@mdc, mode:PICK
2026-04-03 19:51:02, EXEC, v:1, k:ed@mdc, mode:FULL, rate:100
2026-04-03 19:51:03, EXEC, v:1, k:ed@mdc, mode:FULL, rate:100
2026-04-03 19:51:04, EXEC, v:1, k:ed@mdc, mode:FULL, rate:100
2026-04-03 19:51:04, EXEC, v:1, k:ed@mdc, mode:FULL, rate:100
2026-04-03 19:51:05, EXEC, v:1, k:ed@mdc, mode:FULL, rate:100
2026-04-03 19:51:06, MOVE, v:1, k:ed@mdc, mode:BACK
2026-04-03 19:51:12, SELF, v:1, k:ed@mdc, self:1, rate:100, study:20
2026-04-03 19:51:13, MOVE, v:1, k:ed@mdc, mode:PICK
2026-04-03 19:51:15, MOVE, v:1, k:ed@mdc, mode:BACK
2026-04-03 19:51:17, MOVE, v:1, k:ed@resto, mode:PICK
2026-04-03 19:51:18, EXEC, v:1, k:ed@resto, mode:FULL, rate:100
2026-04-03 19:51:19, MOVE, v:1, k:ed@resto, mode:BACK
2026-04-03 19:51:29, SELF, v:1, k:ed@resto, self:1, rate:100, study:40
