2026-05-27 13:04:13, MOVE, v:1, k:ed@fila_enc, mode:PICK
2026-05-27 13:04:18, EXEC, v:1, k:ed@fila_enc, mode:FULL, size:82, fail:COMP
2026-05-27 13:04:18, EXEC, v:1, k:ed@fila_enc, mode:FULL, size:82, fail:COMP
2026-05-27 13:08:20, MOVE, v:1, k:ed@fila_enc, mode:EDIT
2026-05-27 13:12:13, MOVE, v:1, k:ed@fila_enc, mode:EDIT
2026-05-27 13:18:13, EXEC, v:1, k:ed@fila_enc, mode:FULL, size:102, fail:COMP
2026-05-27 13:18:27, MOVE, v:1, k:ed@fila_enc, mode:EDIT
2026-05-27 13:19:20, EXEC, v:1, k:ed@fila_enc, mode:FULL, size:102, fail:COMP
2026-05-27 13:23:24, MOVE, v:1, k:ed@fila_enc, mode:EDIT
2026-05-27 13:23:34, EXEC, v:1, k:ed@fila_enc, mode:FULL, size:113, fail:COMP
2026-05-27 13:25:36, EXEC, v:1, k:ed@fila_enc, mode:FULL, size:113, fail:COMP
2026-05-27 13:26:31, EXEC, v:1, k:ed@fila_enc, mode:FULL, size:114, fail:COMP
2026-05-27 13:27:09, EXEC, v:1, k:ed@fila_enc, mode:FULL, size:114, fail:COMP
2026-05-27 13:28:26, MOVE, v:1, k:ed@fila_enc, mode:EDIT
2026-05-27 13:29:03, EXEC, v:1, k:ed@fila_enc, mode:FULL, rate:33, size:116
2026-05-27 13:30:17, EXEC, v:1, k:ed@fila_enc, mode:FULL, rate:33, size:116
2026-05-27 13:32:57, EXEC, v:1, k:ed@fila_enc, mode:FULL, size:116, fail:COMP
2026-05-27 13:33:09, EXEC, v:1, k:ed@fila_enc, mode:FULL, rate:66, size:116
2026-05-27 13:33:08, MOVE, v:1, k:ed@fila_enc, mode:EDIT
2026-05-27 13:33:09, MOVE, v:1, k:ed@fila_enc, mode:EDIT
2026-05-27 13:35:02, EXEC, v:1, k:ed@fila_enc, mode:FULL, rate:66, size:116
2026-05-27 13:35:38, EXEC, v:1, k:ed@fila_enc, mode:FULL, rate:66, size:120
2026-05-27 13:35:48, EXEC, v:1, k:ed@fila_enc, mode:FULL, rate:66, size:119
2026-05-27 13:36:51, EXEC, v:1, k:ed@fila_enc, mode:FULL, rate:66, size:125
2026-05-27 13:38:21, EXEC, v:1, k:ed@fila_enc, mode:FULL, rate:66, size:126
2026-05-27 13:38:21, MOVE, v:1, k:ed@fila_enc, mode:EDIT
2026-05-27 13:38:21, MOVE, v:1, k:ed@fila_enc, mode:EDIT
2026-05-27 13:38:31, EXEC, v:1, k:ed@fila_enc, mode:FULL, rate:66
2026-05-27 13:41:34, EXEC, v:1, k:ed@fila_enc, mode:FULL, size:128, fail:COMP
2026-05-27 13:42:22, EXEC, v:1, k:ed@fila_enc, mode:FULL, size:128, fail:COMP
2026-05-27 13:42:24, EXEC, v:1, k:ed@fila_enc, mode:FULL, fail:COMP
2026-05-27 13:42:33, EXEC, v:1, k:ed@fila_enc, mode:FULL, size:128, fail:COMP
2026-05-27 13:42:37, EXEC, v:1, k:ed@fila_enc, mode:FULL, size:128, fail:COMP
2026-05-27 13:42:39, EXEC, v:1, k:ed@fila_enc, mode:FULL, rate:66
2026-05-27 13:42:39, MOVE, v:1, k:ed@fila_enc, mode:EDIT
2026-05-27 13:43:25, MOVE, v:1, k:ed@fila_enc, mode:EDIT
2026-05-27 13:44:45, EXEC, v:1, k:ed@fila_enc, mode:FULL, rate:66, size:134
2026-05-27 13:47:01, EXEC, v:1, k:ed@fila_enc, mode:FULL, rate:100, size:134
2026-05-27 13:47:16, MOVE, v:1, k:ed@fila_enc, mode:BACK
2026-05-27 13:47:45, SELF, v:1, k:ed@fila_enc, self:1, rate:100, study:40, concept:1, problem:1, refactor:1
