2026-07-05 18:02:53, MOVE, v:1, k:ed@pintura, mode:PICK
2026-07-05 18:02:54, EXEC, v:1, k:ed@pintura, mode:FULL, size:59, fail:COMP
2026-07-05 18:02:55, EXEC, v:1, k:ed@pintura, mode:FULL, fail:COMP
2026-07-05 18:02:56, EXEC, v:1, k:ed@pintura, mode:FULL, fail:COMP
2026-07-05 18:07:21, MOVE, v:1, k:ed@pintura, mode:EDIT
2026-07-05 18:07:44, MOVE, v:1, k:ed@pintura, mode:EDIT
2026-07-05 18:16:27, MOVE, v:1, k:ed@pintura, mode:EDIT
2026-07-05 18:19:32, EXEC, v:1, k:ed@pintura, mode:FULL, size:78, fail:COMP
2026-07-05 18:20:02, EXEC, v:1, k:ed@pintura, mode:FULL, rate:50, size:78
2026-07-05 18:21:18, EXEC, v:1, k:ed@pintura, mode:FULL, rate:100, size:79
2026-07-05 18:21:26, EXEC, v:1, k:ed@pintura, mode:FULL, rate:100
2026-07-05 18:21:48, EXEC, v:1, k:ed@pintura, mode:FULL, rate:100, size:79
2026-07-05 18:21:50, EXEC, v:1, k:ed@pintura, mode:FULL, rate:100
2026-07-05 18:21:50, EXEC, v:1, k:ed@pintura, mode:FULL, rate:100
2026-07-05 18:21:51, EXEC, v:1, k:ed@pintura, mode:FULL, rate:100
2026-07-05 18:21:56, MOVE, v:1, k:ed@pintura, mode:BACK
2026-07-05 18:22:26, SELF, v:1, k:ed@pintura, self:1, rate:100, study:45, concept:1, problem:1, refactor:1
2026-07-05 18:21:47, MOVE, v:1, k:ed@pintura, mode:EDIT
2026-07-05 18:21:51, MOVE, v:1, k:ed@pintura, mode:EDIT
2026-07-05 18:23:30, MOVE, v:1, k:ed@longest, mode:DOWN
2026-07-05 18:23:31, MOVE, v:1, k:ed@longest, mode:PICK
2026-07-05 18:23:32, EXEC, v:1, k:ed@longest, mode:FULL, size:46, fail:COMP
2026-07-05 18:26:20, EXEC, v:1, k:ed@longest, mode:FULL, rate:0, size:62
2026-07-05 18:23:30, MOVE, v:1, k:ed@longest, mode:EDIT
2026-07-05 18:23:30, MOVE, v:1, k:ed@longest, mode:EDIT
2026-07-05 18:27:19, MOVE, v:1, k:ed@longest, mode:EDIT
2026-07-05 18:26:20, MOVE, v:1, k:ed@longest, mode:EDIT
2026-07-05 18:29:30, EXEC, v:1, k:ed@longest, mode:FULL, size:62, fail:COMP
2026-07-05 18:30:05, EXEC, v:1, k:ed@longest, mode:FULL, size:60, fail:COMP
2026-07-05 18:30:06, EXEC, v:1, k:ed@longest, mode:FULL, fail:COMP
2026-07-05 18:32:06, EXEC, v:1, k:ed@longest, mode:FULL, rate:0, size:60
2026-07-05 18:32:04, MOVE, v:1, k:ed@longest, mode:EDIT
2026-07-05 18:32:06, MOVE, v:1, k:ed@longest, mode:EDIT
2026-07-05 18:37:06, MOVE, v:1, k:ed@longest, mode:EDIT
