2026-04-07 00:32:19, MOVE, v:1, k:ed@triangulo, mode:DOWN
2026-04-07 00:32:20, MOVE, v:1, k:ed@triangulo, mode:PICK
2026-04-07 00:32:32, EXEC, v:1, k:ed@triangulo, mode:FULL, rate:0, size:47
2026-04-07 00:32:32, EXEC, v:1, k:ed@triangulo, mode:FULL, rate:0, size:47
2026-04-07 00:32:32, EXEC, v:1, k:ed@triangulo, mode:FULL, rate:0, size:47
2026-04-07 00:39:29, EXEC, v:1, k:ed@triangulo, mode:FULL, rate:0, size:58
2026-04-07 00:41:33, EXEC, v:1, k:ed@triangulo, mode:FULL, rate:100, size:58
2026-04-07 00:41:39, MOVE, v:1, k:ed@triangulo, mode:BACK
2026-04-07 00:41:51, SELF, v:1, k:ed@triangulo, self:1, rate:100, study:20
2026-04-07 00:42:33, MOVE, v:1, k:ed@treinando, mode:DOWN
2026-04-07 00:42:33, MOVE, v:1, k:ed@treinando, mode:PICK
2026-04-07 00:42:34, EXEC, v:1, k:ed@treinando, mode:FULL, rate:0, size:84
2026-04-07 00:42:37, MOVE, v:1, k:ed@treinando, mode:BACK
2026-04-07 00:42:43, MOVE, v:1, k:ed@labirinto, mode:DOWN
2026-04-07 00:42:43, MOVE, v:1, k:ed@labirinto, mode:PICK
2026-04-07 00:42:45, EXEC, v:1, k:ed@labirinto, mode:FULL, rate:0, size:66
2026-04-07 00:52:22, EXEC, v:1, k:ed@labirinto, mode:FULL, size:76, fail:COMP
2026-04-07 00:52:23, EXEC, v:1, k:ed@labirinto, mode:FULL, fail:COMP
2026-04-07 01:02:54, EXEC, v:1, k:ed@labirinto, mode:FULL, size:77, fail:COMP
2026-04-07 01:03:29, EXEC, v:1, k:ed@labirinto, mode:FULL, rate:0, size:79
2026-04-07 01:04:10, EXEC, v:1, k:ed@labirinto, mode:FULL, rate:0, size:79
2026-04-07 01:04:29, EXEC, v:1, k:ed@labirinto, mode:FULL, rate:0, size:81
2026-04-07 01:05:14, EXEC, v:1, k:ed@labirinto, mode:FULL, rate:0, size:79
2026-04-07 01:06:14, EXEC, v:1, k:ed@labirinto, mode:FULL, rate:0, size:80
2026-04-07 01:06:45, EXEC, v:1, k:ed@labirinto, mode:FULL, rate:0, size:80
2026-04-07 01:12:39, EXEC, v:1, k:ed@labirinto, mode:FULL, rate:0, size:80
2026-04-07 01:13:55, EXEC, v:1, k:ed@labirinto, mode:FULL, rate:100, size:81
2026-04-07 01:14:06, EXEC, v:1, k:ed@labirinto, mode:FULL, rate:100
2026-04-07 01:14:07, EXEC, v:1, k:ed@labirinto, mode:FULL, rate:100
2026-04-07 01:14:08, EXEC, v:1, k:ed@labirinto, mode:FULL, rate:100
2026-04-07 01:14:09, EXEC, v:1, k:ed@labirinto, mode:FULL, rate:100
2026-04-07 01:14:10, EXEC, v:1, k:ed@labirinto, mode:FULL, rate:100
2026-04-07 01:14:11, EXEC, v:1, k:ed@labirinto, mode:FULL, rate:100
2026-04-07 01:14:13, MOVE, v:1, k:ed@labirinto, mode:BACK
2026-04-07 01:14:56, SELF, v:1, k:ed@labirinto, self:1, rate:100, study:80, concept:1, debug:1, refactor:1
2026-04-07 01:16:25, MOVE, v:1, k:ed@queimada, mode:DOWN
2026-04-07 01:16:26, MOVE, v:1, k:ed@queimada, mode:PICK
2026-04-07 01:16:27, EXEC, v:1, k:ed@queimada, mode:FULL, rate:14, size:38
2026-04-07 01:16:28, EXEC, v:1, k:ed@queimada, mode:FULL, rate:14
