2026-06-09 13:23:38, MOVE, v:1, k:ed@inverter, mode:DOWN
2026-06-09 13:23:40, MOVE, v:1, k:ed@inverter, mode:PICK
2026-06-09 13:23:47, EXEC, v:1, k:ed@inverter, mode:FULL, rate:16, size:72
2026-06-09 13:23:38, MOVE, v:1, k:ed@inverter, mode:EDIT
2026-06-09 13:23:38, MOVE, v:1, k:ed@inverter, mode:EDIT
2026-06-09 13:27:43, MOVE, v:1, k:ed@inverter, mode:EDIT
2026-06-09 13:23:47, MOVE, v:1, k:ed@inverter, mode:EDIT
2026-06-09 13:30:22, EXEC, v:1, k:ed@inverter, mode:FULL, rate:16, size:75
2026-06-09 13:32:39, MOVE, v:1, k:ed@inverter, mode:EDIT
2026-06-09 13:30:22, MOVE, v:1, k:ed@inverter, mode:EDIT
2026-06-09 13:34:49, EXEC, v:1, k:ed@inverter, mode:FULL, size:79, fail:COMP
2026-06-09 13:34:51, EXEC, v:1, k:ed@inverter, mode:FULL, fail:COMP
2026-06-09 13:34:52, EXEC, v:1, k:ed@inverter, mode:FULL, fail:COMP
2026-06-09 13:35:04, EXEC, v:1, k:ed@inverter, mode:FULL, size:79, fail:COMP
2026-06-09 13:35:05, EXEC, v:1, k:ed@inverter, mode:FULL, fail:COMP
2026-06-09 13:35:17, EXEC, v:1, k:ed@inverter, mode:FULL, size:79, fail:COMP
2026-06-09 13:35:18, EXEC, v:1, k:ed@inverter, mode:FULL, fail:COMP
2026-06-09 13:35:29, EXEC, v:1, k:ed@inverter, mode:FULL, fail:COMP
2026-06-09 13:36:22, EXEC, v:1, k:ed@inverter, mode:FULL, size:81, fail:COMP
2026-06-09 13:37:16, EXEC, v:1, k:ed@inverter, mode:FULL, size:81, fail:COMP
2026-06-09 13:37:41, EXEC, v:1, k:ed@inverter, mode:FULL, size:81, fail:COMP
2026-06-09 13:37:39, MOVE, v:1, k:ed@inverter, mode:EDIT
2026-06-09 13:38:41, EXEC, v:1, k:ed@inverter, mode:FULL, size:81, fail:COMP
2026-06-09 13:38:43, EXEC, v:1, k:ed@inverter, mode:FULL, fail:COMP
2026-06-09 13:38:43, EXEC, v:1, k:ed@inverter, mode:FULL, fail:COMP
2026-06-09 13:38:43, EXEC, v:1, k:ed@inverter, mode:FULL, fail:COMP
2026-06-09 13:38:43, EXEC, v:1, k:ed@inverter, mode:FULL, fail:COMP
2026-06-09 13:38:44, EXEC, v:1, k:ed@inverter, mode:FULL, fail:COMP
2026-06-09 13:38:44, EXEC, v:1, k:ed@inverter, mode:FULL, fail:COMP
2026-06-09 13:38:45, EXEC, v:1, k:ed@inverter, mode:FULL, fail:COMP
2026-06-09 13:38:59, EXEC, v:1, k:ed@inverter, mode:FULL, rate:0, size:81
2026-06-09 13:39:03, EXEC, v:1, k:ed@inverter, mode:FULL, rate:100, size:81
2026-06-09 13:39:10, EXEC, v:1, k:ed@inverter, mode:FULL, rate:100
2026-06-09 13:39:26, MOVE, v:1, k:ed@inverter, mode:BACK
2026-06-09 13:39:48, SELF, v:1, k:ed@inverter, self:1, rate:100, study:25, concept:1, refactor:1
2026-06-09 13:39:58, MOVE, v:1, k:ed@clonar, mode:DOWN
2026-06-09 13:39:59, MOVE, v:1, k:ed@clonar, mode:PICK
2026-06-09 13:40:01, EXEC, v:1, k:ed@clonar, mode:FULL, rate:0, size:76
2026-06-09 13:42:10, EXEC, v:1, k:ed@clonar, mode:FULL, rate:0, size:79
2026-06-09 13:38:59, MOVE, v:1, k:ed@inverter, mode:EDIT
2026-06-09 13:39:10, MOVE, v:1, k:ed@inverter, mode:EDIT
2026-06-09 13:39:58, MOVE, v:1, k:ed@clonar, mode:EDIT
2026-06-09 13:39:58, MOVE, v:1, k:ed@clonar, mode:EDIT
2026-06-09 13:43:01, MOVE, v:1, k:ed@clonar, mode:EDIT
2026-06-09 13:42:10, MOVE, v:1, k:ed@clonar, mode:EDIT
2026-06-09 13:43:55, EXEC, v:1, k:ed@clonar, mode:FULL, size:81, fail:COMP
2026-06-09 13:44:10, MOVE, v:1, k:ed@clonar, mode:PICK
2026-06-09 13:44:11, EXEC, v:1, k:ed@clonar, mode:FULL, size:81, fail:COMP
2026-06-09 13:46:52, EXEC, v:1, k:ed@clonar, mode:FULL, size:82, fail:COMP
2026-06-09 13:46:53, EXEC, v:1, k:ed@clonar, mode:FULL, size:82, fail:COMP
2026-06-09 13:46:54, EXEC, v:1, k:ed@clonar, mode:FULL, fail:COMP
2026-06-09 13:46:54, EXEC, v:1, k:ed@clonar, mode:FULL, fail:COMP
2026-06-09 13:46:54, EXEC, v:1, k:ed@clonar, mode:FULL, fail:COMP
2026-06-09 13:46:55, EXEC, v:1, k:ed@clonar, mode:FULL, fail:COMP
2026-06-09 13:46:55, EXEC, v:1, k:ed@clonar, mode:FULL, fail:COMP
2026-06-09 13:46:55, EXEC, v:1, k:ed@clonar, mode:FULL, fail:COMP
2026-06-09 13:46:55, EXEC, v:1, k:ed@clonar, mode:FULL, fail:COMP
2026-06-09 13:46:55, EXEC, v:1, k:ed@clonar, mode:FULL, fail:COMP
2026-06-09 13:47:08, EXEC, v:1, k:ed@clonar, mode:FULL, size:82, fail:COMP
2026-06-09 13:47:10, EXEC, v:1, k:ed@clonar, mode:FULL, size:82, fail:COMP
2026-06-09 13:47:10, EXEC, v:1, k:ed@clonar, mode:FULL, size:82, fail:COMP
2026-06-09 13:47:11, EXEC, v:1, k:ed@clonar, mode:FULL, size:82, fail:COMP
2026-06-09 13:47:11, EXEC, v:1, k:ed@clonar, mode:FULL, size:82, fail:COMP
2026-06-09 13:48:24, EXEC, v:1, k:ed@clonar, mode:FULL, size:82, fail:COMP
2026-06-09 13:48:56, EXEC, v:1, k:ed@clonar, mode:FULL, size:82, fail:COMP
2026-06-09 13:49:07, MOVE, v:1, k:ed@clonar, mode:EDIT
2026-06-09 13:49:13, EXEC, v:1, k:ed@clonar, mode:FULL, size:82, fail:COMP
2026-06-09 13:50:09, EXEC, v:1, k:ed@clonar, mode:FULL, size:82, fail:COMP
2026-06-09 13:53:37, MOVE, v:1, k:ed@clonar, mode:PICK
2026-06-09 13:53:38, EXEC, v:1, k:ed@clonar, mode:FULL, size:82, fail:COMP
2026-06-09 13:53:41, EXEC, v:1, k:ed@clonar, mode:FULL, fail:COMP
2026-06-09 13:55:18, EXEC, v:1, k:ed@clonar, mode:FULL, size:82, fail:COMP
2026-06-09 13:56:35, EXEC, v:1, k:ed@clonar, mode:FULL, rate:33, size:83
2026-06-09 13:56:13, MOVE, v:1, k:ed@clonar, mode:EDIT
2026-06-09 13:56:35, MOVE, v:1, k:ed@clonar, mode:EDIT
2026-06-09 14:00:58, EXEC, v:1, k:ed@clonar, mode:FULL, rate:100, size:84
2026-06-09 14:01:17, MOVE, v:1, k:ed@clonar, mode:BACK
2026-06-09 14:01:43, SELF, v:1, k:ed@clonar, self:1, rate:100, study:20, concept:1, refactor:1
2026-06-09 14:00:52, MOVE, v:1, k:ed@clonar, mode:EDIT
2026-06-09 14:00:58, MOVE, v:1, k:ed@clonar, mode:EDIT
2026-06-09 14:04:23, MOVE, v:1, k:ed@soma, mode:DOWN
2026-06-09 14:04:23, MOVE, v:1, k:ed@soma, mode:PICK
2026-06-09 14:04:25, EXEC, v:1, k:ed@soma, mode:FULL, rate:0, size:83
2026-06-09 14:04:27, EXEC, v:1, k:ed@soma, mode:FULL, rate:0
2026-06-09 14:04:23, MOVE, v:1, k:ed@soma, mode:EDIT
2026-06-09 14:04:23, MOVE, v:1, k:ed@soma, mode:EDIT
2026-06-09 14:08:34, MOVE, v:1, k:ed@soma, mode:EDIT
2026-06-09 14:04:26, MOVE, v:1, k:ed@soma, mode:EDIT
2026-06-09 14:12:16, EXEC, v:1, k:ed@soma, mode:FULL, rate:0, size:87
2026-06-09 14:12:14, MOVE, v:1, k:ed@soma, mode:EDIT
2026-06-09 14:12:16, MOVE, v:1, k:ed@soma, mode:EDIT
2026-06-09 14:17:07, EXEC, v:1, k:ed@soma, mode:FULL, rate:14, size:90
2026-06-09 14:18:30, EXEC, v:1, k:ed@soma, mode:FULL, size:90, fail:COMP
2026-06-09 14:18:29, MOVE, v:1, k:ed@soma, mode:EDIT
2026-06-09 14:17:06, MOVE, v:1, k:ed@soma, mode:EDIT
2026-06-09 14:18:47, EXEC, v:1, k:ed@soma, mode:FULL, size:90, fail:COMP
2026-06-09 14:18:49, EXEC, v:1, k:ed@soma, mode:FULL, rate:0, size:90
2026-06-09 14:18:50, EXEC, v:1, k:ed@soma, mode:FULL, rate:0
2026-06-09 14:19:05, EXEC, v:1, k:ed@soma, mode:FULL, rate:14, size:90
2026-06-09 14:19:37, EXEC, v:1, k:ed@soma, mode:FULL, rate:0, size:90
2026-06-09 14:21:04, EXEC, v:1, k:ed@soma, mode:FULL, rate:14, size:90
2026-06-09 14:21:37, EXEC, v:1, k:ed@soma, mode:FULL, rate:14, size:90
2026-06-09 14:22:26, EXEC, v:1, k:ed@soma, mode:FULL, size:90, fail:COMP
2026-06-09 14:22:32, EXEC, v:1, k:ed@soma, mode:FULL, rate:0, size:90
2026-06-09 14:22:37, EXEC, v:1, k:ed@soma, mode:FULL, rate:42
2026-06-09 14:22:32, MOVE, v:1, k:ed@soma, mode:EDIT
2026-06-09 14:22:37, MOVE, v:1, k:ed@soma, mode:EDIT
2026-06-09 14:27:33, EXEC, v:1, k:ed@soma, mode:FULL, rate:71, size:99
2026-06-09 14:27:32, MOVE, v:1, k:ed@soma, mode:EDIT
2026-06-09 14:27:33, MOVE, v:1, k:ed@soma, mode:EDIT
2026-06-09 14:31:54, EXEC, v:1, k:ed@soma, mode:FULL, rate:71, size:101
2026-06-09 14:33:13, MOVE, v:1, k:ed@soma, mode:EDIT
2026-06-09 14:31:54, MOVE, v:1, k:ed@soma, mode:EDIT
2026-06-09 14:35:47, EXEC, v:1, k:ed@soma, mode:FULL, rate:100, size:101
2026-06-09 14:36:14, MOVE, v:1, k:ed@soma, mode:BACK
2026-06-09 14:36:45, SELF, v:1, k:ed@soma, self:1, rate:100, study:40, concept:1, refactor:1
