2026-04-14 13:22:47, MOVE, v:1, k:eval1@triangulo, mode:DOWN
2026-04-14 13:22:59, MOVE, v:1, k:eval1@triangulo, mode:PICK
2026-04-14 13:23:13, EXEC, v:1, k:eval1@triangulo, mode:FULL, rate:0, size:47
2026-04-14 13:23:14, EXEC, v:1, k:eval1@triangulo, mode:FULL, rate:0
2026-04-14 13:22:47, MOVE, v:1, k:eval1@triangulo, mode:EDIT
2026-04-14 13:23:13, MOVE, v:1, k:eval1@triangulo, mode:EDIT
2026-04-14 13:27:30, MOVE, v:1, k:eval1@triangulo, mode:EDIT
2026-04-14 13:32:25, MOVE, v:1, k:eval1@triangulo, mode:EDIT
2026-04-14 13:32:36, EXEC, v:1, k:eval1@triangulo, mode:FULL, size:60, fail:COMP
2026-04-14 13:32:40, EXEC, v:1, k:eval1@triangulo, mode:FULL, fail:COMP
2026-04-14 13:35:50, EXEC, v:1, k:eval1@triangulo, mode:FULL, size:60, fail:COMP
2026-04-14 13:35:51, EXEC, v:1, k:eval1@triangulo, mode:FULL, fail:COMP
2026-04-14 13:35:52, EXEC, v:1, k:eval1@triangulo, mode:FULL, fail:COMP
2026-04-14 13:35:52, EXEC, v:1, k:eval1@triangulo, mode:FULL, fail:COMP
2026-04-14 13:35:53, EXEC, v:1, k:eval1@triangulo, mode:FULL, fail:COMP
2026-04-14 13:36:43, EXEC, v:1, k:eval1@triangulo, mode:FULL, rate:0, size:60
2026-04-14 13:37:15, EXEC, v:1, k:eval1@triangulo, mode:FULL, rate:0, size:60
2026-04-14 13:37:14, MOVE, v:1, k:eval1@triangulo, mode:EDIT
2026-04-14 13:37:14, MOVE, v:1, k:eval1@triangulo, mode:EDIT
2026-04-14 13:41:32, EXEC, v:1, k:eval1@triangulo, mode:FULL, size:61, fail:COMP
2026-04-14 13:41:35, EXEC, v:1, k:eval1@triangulo, mode:FULL, fail:COMP
2026-04-14 13:41:58, EXEC, v:1, k:eval1@triangulo, mode:FULL, size:62, fail:COMP
2026-04-14 13:42:26, MOVE, v:1, k:eval1@triangulo, mode:BACK
2026-04-14 13:41:57, MOVE, v:1, k:eval1@triangulo, mode:EDIT
2026-04-14 13:42:35, MOVE, v:1, k:eval1@queimada, mode:DOWN
2026-04-14 13:42:36, MOVE, v:1, k:eval1@queimada, mode:PICK
2026-04-14 13:42:37, EXEC, v:1, k:eval1@queimada, mode:FULL, rate:14, size:38
2026-04-14 13:42:38, EXEC, v:1, k:eval1@queimada, mode:FULL, rate:14
2026-04-14 13:42:35, MOVE, v:1, k:eval1@queimada, mode:EDIT
2026-04-14 13:42:35, MOVE, v:1, k:eval1@queimada, mode:EDIT
2026-04-14 13:47:27, MOVE, v:1, k:eval1@queimada, mode:EDIT
2026-04-14 13:42:38, MOVE, v:1, k:eval1@queimada, mode:EDIT
2026-04-14 13:48:52, EXEC, v:1, k:eval1@queimada, mode:FULL, rate:0, size:53
2026-04-14 13:49:47, EXEC, v:1, k:eval1@queimada, mode:FULL, rate:0, size:54
2026-04-14 13:51:16, EXEC, v:1, k:eval1@queimada, mode:FULL, rate:0, size:53
2026-04-14 13:51:57, EXEC, v:1, k:eval1@queimada, mode:FULL, rate:0
2026-04-14 13:50:50, MOVE, v:1, k:eval1@queimada, mode:EDIT
2026-04-14 13:51:57, MOVE, v:1, k:eval1@queimada, mode:EDIT
2026-04-14 13:53:13, EXEC, v:1, k:eval1@queimada, mode:FULL, rate:28, size:53
2026-04-14 13:53:23, EXEC, v:1, k:eval1@queimada, mode:FULL, rate:0, size:53
2026-04-14 13:53:37, EXEC, v:1, k:eval1@queimada, mode:FULL, rate:0
2026-04-14 13:54:38, EXEC, v:1, k:eval1@queimada, mode:FULL, rate:0, size:54
2026-04-14 13:54:39, EXEC, v:1, k:eval1@queimada, mode:FULL, rate:0
2026-04-14 13:54:40, EXEC, v:1, k:eval1@queimada, mode:FULL, rate:0
2026-04-14 13:54:57, MOVE, v:1, k:eval1@queimada, mode:PICK
2026-04-14 13:54:58, EXEC, v:1, k:eval1@queimada, mode:FULL, rate:0
2026-04-14 13:56:05, EXEC, v:1, k:eval1@queimada, mode:FULL, rate:0, size:54
2026-04-14 13:56:28, MOVE, v:1, k:eval1@queimada, mode:BACK
2026-04-14 13:56:48, MOVE, v:1, k:eval1@queimada, mode:PICK
2026-04-14 13:56:49, EXEC, v:1, k:eval1@queimada, mode:FULL, rate:0
2026-04-14 13:58:24, EXEC, v:1, k:eval1@queimada, mode:FULL, rate:0, size:54
2026-04-14 13:58:26, EXEC, v:1, k:eval1@queimada, mode:FULL, rate:0
2026-04-14 13:58:26, MOVE, v:1, k:eval1@queimada, mode:EDIT
2026-04-14 13:59:39, MOVE, v:1, k:eval1@queimada, mode:EDIT
2026-04-14 14:01:56, EXEC, v:1, k:eval1@queimada, mode:FULL, rate:0, size:54
2026-04-14 14:02:50, EXEC, v:1, k:eval1@queimada, mode:FULL, rate:0, size:54
2026-04-14 14:04:20, EXEC, v:1, k:eval1@queimada, mode:FULL, rate:14, size:54
2026-04-14 14:04:37, EXEC, v:1, k:eval1@queimada, mode:FULL, size:54, fail:COMP
2026-04-14 14:04:47, EXEC, v:1, k:eval1@queimada, mode:FULL, rate:14, size:54
2026-04-14 14:04:47, MOVE, v:1, k:eval1@queimada, mode:EDIT
2026-04-14 14:04:47, MOVE, v:1, k:eval1@queimada, mode:EDIT
2026-04-14 14:05:22, EXEC, v:1, k:eval1@queimada, mode:FULL, rate:14, size:54
2026-04-14 14:05:39, EXEC, v:1, k:eval1@queimada, mode:FULL, rate:14, size:54
2026-04-14 14:05:46, EXEC, v:1, k:eval1@queimada, mode:FULL, rate:0, size:54
2026-04-14 14:06:40, EXEC, v:1, k:eval1@queimada, mode:FULL, size:54, fail:COMP
2026-04-14 14:09:11, EXEC, v:1, k:eval1@queimada, mode:FULL, rate:0, size:55
2026-04-14 14:09:45, MOVE, v:1, k:eval1@queimada, mode:EDIT
2026-04-14 14:09:11, MOVE, v:1, k:eval1@queimada, mode:EDIT
2026-04-14 14:10:07, EXEC, v:1, k:eval1@queimada, mode:FULL, rate:0, size:56
2026-04-14 14:10:09, EXEC, v:1, k:eval1@queimada, mode:FULL, rate:0
2026-04-14 14:10:11, EXEC, v:1, k:eval1@queimada, mode:FULL, rate:0
2026-04-14 14:10:12, EXEC, v:1, k:eval1@queimada, mode:FULL, rate:0
2026-04-14 14:10:13, EXEC, v:1, k:eval1@queimada, mode:FULL, rate:0
2026-04-14 14:10:16, EXEC, v:1, k:eval1@queimada, mode:FULL, rate:0
2026-04-14 14:10:21, EXEC, v:1, k:eval1@queimada, mode:FULL, rate:0
2026-04-14 14:10:24, EXEC, v:1, k:eval1@queimada, mode:FULL, rate:0
2026-04-14 14:10:40, EXEC, v:1, k:eval1@queimada, mode:FULL, size:56, fail:COMP
2026-04-14 14:10:57, EXEC, v:1, k:eval1@queimada, mode:FULL, size:56, fail:COMP
2026-04-14 14:11:02, EXEC, v:1, k:eval1@queimada, mode:FULL, fail:COMP
2026-04-14 14:11:04, EXEC, v:1, k:eval1@queimada, mode:FULL, rate:0, size:56
2026-04-14 14:11:07, EXEC, v:1, k:eval1@queimada, mode:FULL, rate:0
2026-04-14 14:11:08, EXEC, v:1, k:eval1@queimada, mode:FULL, rate:0
2026-04-14 14:11:39, EXEC, v:1, k:eval1@queimada, mode:FULL, rate:0, size:55
2026-04-14 14:12:07, EXEC, v:1, k:eval1@queimada, mode:FULL, rate:0
2026-04-14 14:12:31, EXEC, v:1, k:eval1@queimada, mode:FULL, rate:0
2026-04-14 14:13:02, MOVE, v:1, k:eval1@queimada, mode:BACK
2026-04-14 14:13:16, MOVE, v:1, k:eval1@baruel, mode:DOWN
2026-04-14 14:13:17, MOVE, v:1, k:eval1@baruel, mode:PICK
2026-04-14 14:13:18, EXEC, v:1, k:eval1@baruel, mode:FULL, rate:0, size:5
2026-04-14 14:11:31, MOVE, v:1, k:eval1@queimada, mode:EDIT
2026-04-14 14:12:31, MOVE, v:1, k:eval1@queimada, mode:EDIT
2026-04-14 14:12:29, MOVE, v:1, k:eval1@triangulo, mode:EDIT
2026-04-14 14:13:16, MOVE, v:1, k:eval1@baruel, mode:EDIT
2026-04-14 14:13:16, MOVE, v:1, k:eval1@baruel, mode:EDIT
2026-04-14 14:13:18, MOVE, v:1, k:eval1@baruel, mode:EDIT
2026-04-14 14:14:49, MOVE, v:1, k:eval1@baruel, mode:EDIT
2026-04-14 14:18:08, MOVE, v:1, k:eval1@baruel, mode:BACK
2026-04-14 14:18:12, MOVE, v:1, k:eval1@triangulo, mode:PICK
2026-04-14 14:18:13, EXEC, v:1, k:eval1@triangulo, mode:FULL, fail:COMP
2026-04-14 14:18:14, EXEC, v:1, k:eval1@triangulo, mode:FULL, fail:COMP
2026-04-14 14:18:15, EXEC, v:1, k:eval1@triangulo, mode:FULL, fail:COMP
2026-04-14 14:19:44, EXEC, v:1, k:eval1@triangulo, mode:FULL, size:61, fail:COMP
2026-04-14 14:16:10, MOVE, v:1, k:eval1@baruel, mode:EDIT
2026-04-14 14:19:44, MOVE, v:1, k:eval1@triangulo, mode:EDIT
2026-04-14 14:20:08, EXEC, v:1, k:eval1@triangulo, mode:FULL, rate:0, size:61
2026-04-14 14:20:10, EXEC, v:1, k:eval1@triangulo, mode:FULL, rate:0
2026-04-14 14:20:18, EXEC, v:1, k:eval1@triangulo, mode:FULL, size:61, fail:COMP
2026-04-14 14:20:21, EXEC, v:1, k:eval1@triangulo, mode:FULL, rate:0, size:61
2026-04-14 14:21:36, EXEC, v:1, k:eval1@triangulo, mode:FULL, rate:0, size:61
2026-04-14 14:21:53, EXEC, v:1, k:eval1@triangulo, mode:FULL, rate:0, size:61
2026-04-14 14:22:01, EXEC, v:1, k:eval1@triangulo, mode:FULL, rate:0, size:61
2026-04-14 14:23:01, EXEC, v:1, k:eval1@triangulo, mode:FULL, rate:0, size:63
2026-04-14 14:23:15, EXEC, v:1, k:eval1@triangulo, mode:FULL, rate:0
2026-04-14 14:23:16, EXEC, v:1, k:eval1@triangulo, mode:FULL, rate:0
2026-04-14 14:23:19, EXEC, v:1, k:eval1@triangulo, mode:FULL, rate:0
2026-04-14 14:23:27, EXEC, v:1, k:eval1@triangulo, mode:FULL, rate:0, size:63
2026-04-14 14:23:33, EXEC, v:1, k:eval1@triangulo, mode:FULL, rate:0, size:63
2026-04-14 14:23:53, EXEC, v:1, k:eval1@triangulo, mode:FULL, rate:0, size:63
2026-04-14 14:24:08, EXEC, v:1, k:eval1@triangulo, mode:FULL, rate:0, size:63
2026-04-14 14:24:17, EXEC, v:1, k:eval1@triangulo, mode:FULL, rate:0, size:63
2026-04-14 14:24:31, EXEC, v:1, k:eval1@triangulo, mode:FULL, rate:0, size:63
2026-04-14 14:24:46, EXEC, v:1, k:eval1@triangulo, mode:FULL, size:65, fail:COMP
2026-04-14 14:24:31, MOVE, v:1, k:eval1@triangulo, mode:EDIT
2026-04-14 14:24:46, MOVE, v:1, k:eval1@triangulo, mode:EDIT
2026-04-14 14:24:51, EXEC, v:1, k:eval1@triangulo, mode:FULL, rate:0
2026-04-14 14:24:53, EXEC, v:1, k:eval1@triangulo, mode:FULL, rate:0
2026-04-14 14:24:59, EXEC, v:1, k:eval1@triangulo, mode:FULL, rate:0
2026-04-14 14:25:01, EXEC, v:1, k:eval1@triangulo, mode:FULL, rate:0, size:65
2026-04-14 14:25:02, EXEC, v:1, k:eval1@triangulo, mode:FULL, rate:0
2026-04-14 14:25:10, EXEC, v:1, k:eval1@triangulo, mode:FULL, size:66, fail:COMP
2026-04-14 14:25:11, EXEC, v:1, k:eval1@triangulo, mode:FULL, rate:100, size:65
2026-04-14 14:27:05, EXEC, v:1, k:eval1@triangulo, mode:FULL, rate:100, size:65
2026-04-14 14:27:06, EXEC, v:1, k:eval1@triangulo, mode:FULL, rate:100
2026-04-14 14:27:18, MOVE, v:1, k:eval1@triangulo, mode:BACK
2026-04-14 14:27:24, SELF, v:1, k:eval1@triangulo, self:1, rate:100
2026-04-14 14:27:25, MOVE, v:1, k:eval1@triangulo, mode:PICK
2026-04-14 14:27:27, EXEC, v:1, k:eval1@triangulo, mode:FULL, rate:100
2026-04-14 14:27:29, MOVE, v:1, k:eval1@triangulo, mode:BACK
2026-04-14 14:27:42, MOVE, v:1, k:eval1@queimada, mode:PICK
2026-04-14 14:27:43, EXEC, v:1, k:eval1@queimada, mode:FULL, rate:0
2026-04-14 14:29:01, EXEC, v:1, k:eval1@queimada, mode:FULL, rate:0
2026-04-14 14:29:12, EXEC, v:1, k:eval1@queimada, mode:FULL, rate:0, size:55
2026-04-14 14:29:14, EXEC, v:1, k:eval1@queimada, mode:FULL, rate:0
2026-04-14 14:29:49, EXEC, v:1, k:eval1@queimada, mode:FULL, rate:0, size:55
2026-04-14 14:27:27, MOVE, v:1, k:eval1@triangulo, mode:EDIT
2026-04-14 14:27:04, MOVE, v:1, k:eval1@triangulo, mode:EDIT
2026-04-14 14:29:49, MOVE, v:1, k:eval1@queimada, mode:EDIT
2026-04-14 14:29:49, MOVE, v:1, k:eval1@queimada, mode:EDIT
2026-04-14 14:31:09, EXEC, v:1, k:eval1@queimada, mode:FULL, rate:100, size:57
2026-04-14 14:31:17, EXEC, v:1, k:eval1@queimada, mode:FULL, rate:100, size:55
2026-04-14 14:31:19, EXEC, v:1, k:eval1@queimada, mode:FULL, rate:0
2026-04-14 14:31:21, EXEC, v:1, k:eval1@queimada, mode:FULL, rate:0
2026-04-14 14:31:22, EXEC, v:1, k:eval1@queimada, mode:FULL, rate:0
2026-04-14 14:31:46, EXEC, v:1, k:eval1@queimada, mode:FULL, rate:42, size:55
2026-04-14 14:31:59, EXEC, v:1, k:eval1@queimada, mode:FULL, rate:100, size:55
2026-04-14 14:32:18, MOVE, v:1, k:eval1@queimada, mode:BACK
2026-04-14 14:32:28, SELF, v:1, k:eval1@queimada, self:1, rate:100
2026-04-14 14:32:28, MOVE, v:1, k:eval1@queimada, mode:PICK
2026-04-14 14:32:28, EXEC, v:1, k:eval1@queimada, mode:FULL, rate:100
2026-04-14 14:32:30, MOVE, v:1, k:eval1@queimada, mode:BACK
2026-04-14 14:32:45, MOVE, v:1, k:eval1@apagando, mode:DOWN
2026-04-14 14:32:46, MOVE, v:1, k:eval1@apagando, mode:PICK
2026-04-14 14:34:23, MOVE, v:1, k:eval1@apagando, mode:BACK
2026-04-14 14:34:42, MOVE, v:1, k:eval1@casais, mode:DOWN
2026-04-14 14:34:43, MOVE, v:1, k:eval1@casais, mode:PICK
2026-04-14 14:34:45, EXEC, v:1, k:eval1@casais, mode:FULL, rate:0, size:5
2026-04-14 14:31:58, MOVE, v:1, k:eval1@queimada, mode:EDIT
2026-04-14 14:32:28, MOVE, v:1, k:eval1@queimada, mode:EDIT
2026-04-14 14:32:45, MOVE, v:1, k:eval1@apagando, mode:EDIT
2026-04-14 14:32:45, MOVE, v:1, k:eval1@apagando, mode:EDIT
2026-04-14 14:32:45, MOVE, v:1, k:eval1@apagando, mode:EDIT
2026-04-14 14:34:42, MOVE, v:1, k:eval1@casais, mode:EDIT
2026-04-14 14:34:42, MOVE, v:1, k:eval1@casais, mode:EDIT
2026-04-14 14:34:45, MOVE, v:1, k:eval1@casais, mode:EDIT
2026-04-14 14:38:06, MOVE, v:1, k:eval1@casais, mode:BACK
2026-04-14 14:39:42, MOVE, v:1, k:eval1@casais, mode:EDIT
2026-04-14 14:41:57, MOVE, v:1, k:eval1@casais, mode:PICK
2026-04-14 14:41:58, EXEC, v:1, k:eval1@casais, mode:FULL, rate:0, size:14
2026-04-14 14:44:18, EXEC, v:1, k:eval1@casais, mode:FULL, rate:0, size:19
2026-04-14 14:44:49, MOVE, v:1, k:eval1@casais, mode:EDIT
2026-04-14 14:44:18, MOVE, v:1, k:eval1@casais, mode:EDIT
2026-04-14 14:49:51, MOVE, v:1, k:eval1@casais, mode:EDIT
2026-04-14 14:50:21, EXEC, v:1, k:eval1@casais, mode:FULL, size:27, fail:COMP
2026-04-14 14:50:23, EXEC, v:1, k:eval1@casais, mode:FULL, fail:COMP
