2026-07-04 13:42:54, MOVE, v:1, k:ed@bst_insert, mode:PICK
2026-07-04 13:42:57, EXEC, v:1, k:ed@bst_insert, mode:FULL, rate:0
2026-07-04 13:42:58, EXEC, v:1, k:ed@bst_insert, mode:FULL, rate:0
2026-07-04 13:42:58, MOVE, v:1, k:ed@bst_insert, mode:EDIT
2026-07-04 13:51:33, MOVE, v:1, k:ed@bst_insert, mode:EDIT
2026-07-04 13:57:37, MOVE, v:1, k:ed@bst_insert, mode:EDIT
2026-07-04 14:02:32, MOVE, v:1, k:ed@bst_insert, mode:EDIT
2026-07-04 14:07:28, MOVE, v:1, k:ed@bst_insert, mode:EDIT
2026-07-04 14:10:34, EXEC, v:1, k:ed@bst_insert, mode:FULL, size:88, fail:COMP
2026-07-04 14:11:07, EXEC, v:1, k:ed@bst_insert, mode:FULL, rate:0, size:88
2026-07-04 14:11:04, MOVE, v:1, k:ed@bst_insert, mode:EDIT
2026-07-04 14:11:07, MOVE, v:1, k:ed@bst_insert, mode:EDIT
2026-07-04 14:14:11, EXEC, v:1, k:ed@bst_insert, mode:FULL, rate:0, size:90
2026-07-04 14:15:12, EXEC, v:1, k:ed@bst_insert, mode:FULL, size:90, fail:COMP
2026-07-04 14:15:20, EXEC, v:1, k:ed@bst_insert, mode:FULL, rate:0, size:88
2026-07-04 14:16:50, EXEC, v:1, k:ed@bst_insert, mode:FULL, size:89, fail:COMP
2026-07-04 14:17:32, EXEC, v:1, k:ed@bst_insert, mode:FULL, rate:0, size:87
2026-07-04 14:17:31, MOVE, v:1, k:ed@bst_insert, mode:EDIT
2026-07-04 14:17:32, MOVE, v:1, k:ed@bst_insert, mode:EDIT
2026-07-04 14:20:26, EXEC, v:1, k:ed@bst_insert, mode:FULL, rate:0, size:87
2026-07-04 14:22:16, MOVE, v:1, k:ed@bst_insert, mode:EDIT
2026-07-04 14:20:26, MOVE, v:1, k:ed@bst_insert, mode:EDIT
2026-07-04 14:24:12, EXEC, v:1, k:ed@bst_insert, mode:FULL, rate:0, size:87
2026-07-04 14:25:36, EXEC, v:1, k:ed@bst_insert, mode:FULL, rate:0, size:88
2026-07-04 14:25:35, MOVE, v:1, k:ed@bst_insert, mode:EDIT
2026-07-04 14:25:36, MOVE, v:1, k:ed@bst_insert, mode:EDIT
2026-07-04 14:32:09, EXEC, v:1, k:ed@bst_insert, mode:FULL, rate:0, size:89
2026-07-04 14:32:08, MOVE, v:1, k:ed@bst_insert, mode:EDIT
2026-07-04 14:32:09, MOVE, v:1, k:ed@bst_insert, mode:EDIT
2026-07-04 14:36:07, EXEC, v:1, k:ed@bst_insert, mode:FULL, rate:0, size:91
2026-07-04 14:37:33, MOVE, v:1, k:ed@bst_insert, mode:EDIT
2026-07-04 14:36:07, MOVE, v:1, k:ed@bst_insert, mode:EDIT
2026-07-04 14:42:22, EXEC, v:1, k:ed@bst_insert, mode:FULL, size:94, fail:COMP
2026-07-04 14:42:40, MOVE, v:1, k:ed@bst_insert, mode:EDIT
2026-07-04 14:43:30, EXEC, v:1, k:ed@bst_insert, mode:FULL, size:94, fail:COMP
2026-07-04 14:43:52, EXEC, v:1, k:ed@bst_insert, mode:FULL, size:94, fail:COMP
2026-07-04 14:43:59, EXEC, v:1, k:ed@bst_insert, mode:FULL, fail:COMP
2026-07-04 14:45:10, EXEC, v:1, k:ed@bst_insert, mode:FULL, rate:0, size:94
2026-07-04 14:45:23, EXEC, v:1, k:ed@bst_insert, mode:FULL, rate:100, size:93
2026-07-04 14:45:35, MOVE, v:1, k:ed@bst_insert, mode:BACK
2026-07-04 14:46:07, SELF, v:1, k:ed@bst_insert, self:1, rate:100, study:65, concept:1, refactor:1
2026-07-04 14:46:28, MOVE, v:1, k:ed@bst_serial, mode:DOWN
2026-07-04 14:46:28, MOVE, v:1, k:ed@bst_serial, mode:PICK
2026-07-04 14:46:29, EXEC, v:1, k:ed@bst_serial, mode:FULL, rate:0, size:74
2026-07-04 14:46:31, EXEC, v:1, k:ed@bst_serial, mode:FULL, rate:0
2026-07-04 14:45:21, MOVE, v:1, k:ed@bst_insert, mode:EDIT
2026-07-04 14:45:23, MOVE, v:1, k:ed@bst_insert, mode:EDIT
2026-07-04 14:46:28, MOVE, v:1, k:ed@bst_serial, mode:EDIT
2026-07-04 14:46:28, MOVE, v:1, k:ed@bst_serial, mode:EDIT
2026-07-04 14:46:28, MOVE, v:1, k:ed@bst_serial, mode:EDIT
2026-07-04 14:46:31, MOVE, v:1, k:ed@bst_serial, mode:EDIT
2026-07-04 14:52:31, MOVE, v:1, k:ed@bst_serial, mode:EDIT
2026-07-04 14:57:42, MOVE, v:1, k:ed@bst_serial, mode:EDIT
2026-07-04 15:00:11, MOVE, v:1, k:ed@bst_serial, mode:EDIT
2026-07-04 15:12:16, MOVE, v:1, k:ed@bst_serial, mode:EDIT
2026-07-04 15:15:22, EXEC, v:1, k:ed@bst_serial, mode:FULL, size:80, fail:COMP
2026-07-04 15:17:37, MOVE, v:1, k:ed@bst_serial, mode:EDIT
2026-07-04 15:17:50, EXEC, v:1, k:ed@bst_serial, mode:FULL, rate:0, size:80
2026-07-04 15:19:31, EXEC, v:1, k:ed@bst_serial, mode:FULL, rate:0, size:80
2026-07-04 15:20:15, EXEC, v:1, k:ed@bst_serial, mode:FULL, rate:0, size:82
2026-07-04 15:22:08, EXEC, v:1, k:ed@bst_serial, mode:FULL, size:83, fail:COMP
2026-07-04 15:22:15, MOVE, v:1, k:ed@bst_serial, mode:EDIT
2026-07-04 15:20:15, MOVE, v:1, k:ed@bst_serial, mode:EDIT
2026-07-04 15:27:11, MOVE, v:1, k:ed@bst_serial, mode:EDIT
2026-07-04 15:28:40, EXEC, v:1, k:ed@bst_serial, mode:FULL, size:86, fail:COMP
2026-07-04 15:28:40, EXEC, v:1, k:ed@bst_serial, mode:FULL, size:86, fail:COMP
2026-07-04 15:29:54, EXEC, v:1, k:ed@bst_serial, mode:FULL, rate:100, size:107
2026-07-04 15:29:55, MOVE, v:1, k:ed@bst_serial, mode:BACK
2026-07-04 15:30:08, SELF, v:1, k:ed@bst_serial, self:1, rate:100, guided:1, concept:1, refactor:1
2026-07-04 15:29:53, MOVE, v:1, k:ed@bst_serial, mode:EDIT
2026-07-04 15:29:53, MOVE, v:1, k:ed@bst_serial, mode:EDIT
2026-07-04 20:44:35, MOVE, v:1, k:ed@ilhas, mode:PICK
2026-07-04 20:44:36, EXEC, v:1, k:ed@ilhas, mode:FULL, fail:COMP
2026-07-04 20:44:37, EXEC, v:1, k:ed@ilhas, mode:FULL, fail:COMP
2026-07-04 20:52:12, EXEC, v:1, k:ed@ilhas, mode:FULL, rate:0, size:33
2026-07-04 20:52:26, EXEC, v:1, k:ed@ilhas, mode:FULL, rate:50, size:33
2026-07-04 20:53:26, MOVE, v:1, k:ed@ilhas, mode:EDIT
2026-07-04 20:52:26, MOVE, v:1, k:ed@ilhas, mode:EDIT
2026-07-04 20:55:19, EXEC, v:1, k:ed@ilhas, mode:FULL, rate:50, size:39
2026-07-04 20:55:21, EXEC, v:1, k:ed@ilhas, mode:FULL, rate:50
2026-07-04 20:55:34, EXEC, v:1, k:ed@ilhas, mode:FULL, rate:0, size:39
2026-07-04 20:56:47, EXEC, v:1, k:ed@ilhas, mode:FULL, rate:0, size:43
2026-07-04 20:56:58, EXEC, v:1, k:ed@ilhas, mode:FULL, rate:0, size:43
2026-07-04 20:56:56, MOVE, v:1, k:ed@ilhas, mode:EDIT
2026-07-04 20:56:58, MOVE, v:1, k:ed@ilhas, mode:EDIT
2026-07-04 21:00:40, MOVE, v:1, k:ed@ilhas, mode:EDIT
2026-07-04 21:08:26, MOVE, v:1, k:ed@ilhas, mode:EDIT
2026-07-04 21:11:08, EXEC, v:1, k:ed@ilhas, mode:FULL, rate:0, size:60
2026-07-04 21:11:19, EXEC, v:1, k:ed@ilhas, mode:FULL, rate:0, size:60
2026-07-04 21:12:04, EXEC, v:1, k:ed@ilhas, mode:FULL, rate:50, size:61
2026-07-04 21:12:32, EXEC, v:1, k:ed@ilhas, mode:FULL, rate:50, size:61
2026-07-04 21:12:39, EXEC, v:1, k:ed@ilhas, mode:FULL, rate:50, size:61
2026-07-04 21:12:50, EXEC, v:1, k:ed@ilhas, mode:FULL, rate:50, size:61
2026-07-04 21:13:12, EXEC, v:1, k:ed@ilhas, mode:FULL, rate:100, size:61
2026-07-04 21:13:25, MOVE, v:1, k:ed@ilhas, mode:EDIT
2026-07-04 21:13:12, MOVE, v:1, k:ed@ilhas, mode:EDIT
2026-07-04 21:15:03, MOVE, v:1, k:ed@ilhas, mode:BACK
2026-07-04 21:15:53, SELF, v:1, k:ed@ilhas, self:1, rate:100, study:60, concept:1, problem:1, refactor:1
2026-07-04 21:26:23, MOVE, v:1, k:ed@cercado, mode:DOWN
2026-07-04 21:26:23, MOVE, v:1, k:ed@cercado, mode:PICK
2026-07-04 21:26:24, EXEC, v:1, k:ed@cercado, mode:FULL, rate:33, size:29
2026-07-04 21:26:22, MOVE, v:1, k:ed@cercado, mode:EDIT
2026-07-04 21:26:22, MOVE, v:1, k:ed@cercado, mode:EDIT
2026-07-04 21:26:23, MOVE, v:1, k:ed@cercado, mode:EDIT
2026-07-04 21:26:24, MOVE, v:1, k:ed@cercado, mode:EDIT
2026-07-04 21:35:22, MOVE, v:1, k:ed@cercado, mode:BACK
2026-07-04 21:35:27, MOVE, v:1, k:ed@ilhas, mode:PICK
2026-07-04 21:35:29, EXEC, v:1, k:ed@ilhas, mode:FULL, rate:100, size:59
2026-07-04 21:35:59, MOVE, v:1, k:ed@ilhas, mode:BACK
2026-07-04 21:36:02, MOVE, v:1, k:ed@cercado, mode:PICK
2026-07-04 21:36:03, EXEC, v:1, k:ed@cercado, mode:FULL, rate:33, size:44
2026-07-04 21:36:49, EXEC, v:1, k:ed@cercado, mode:FULL, size:46, fail:COMP
2026-07-04 21:37:14, EXEC, v:1, k:ed@cercado, mode:FULL, size:46, fail:COMP
2026-07-04 21:37:15, EXEC, v:1, k:ed@cercado, mode:FULL, rate:33
2026-07-04 21:37:15, EXEC, v:1, k:ed@cercado, mode:FULL, rate:33
2026-07-04 21:37:15, EXEC, v:1, k:ed@cercado, mode:FULL, rate:33
2026-07-04 21:37:16, EXEC, v:1, k:ed@cercado, mode:FULL, rate:33
2026-07-04 21:37:16, EXEC, v:1, k:ed@cercado, mode:FULL, rate:33
2026-07-04 21:37:16, EXEC, v:1, k:ed@cercado, mode:FULL, rate:33
2026-07-04 21:35:28, MOVE, v:1, k:ed@ilhas, mode:EDIT
2026-07-04 21:40:17, MOVE, v:1, k:ed@cercado, mode:EDIT
2026-07-04 21:37:16, MOVE, v:1, k:ed@cercado, mode:EDIT
2026-07-04 21:45:07, MOVE, v:1, k:ed@cercado, mode:EDIT
2026-07-04 21:48:39, MOVE, v:1, k:ed@cercado, mode:EDIT
2026-07-04 21:55:15, MOVE, v:1, k:ed@cercado, mode:EDIT
2026-07-04 21:55:28, EXEC, v:1, k:ed@cercado, mode:FULL, size:58, fail:COMP
2026-07-04 21:55:31, EXEC, v:1, k:ed@cercado, mode:FULL, fail:COMP
2026-07-04 21:55:57, EXEC, v:1, k:ed@cercado, mode:FULL, size:58, fail:COMP
2026-07-04 22:00:16, MOVE, v:1, k:ed@cercado, mode:EDIT
2026-07-04 22:02:01, EXEC, v:1, k:ed@cercado, mode:FULL, size:62, fail:COMP
2026-07-04 22:04:45, EXEC, v:1, k:ed@cercado, mode:FULL, size:71, fail:COMP
2026-07-04 22:04:54, EXEC, v:1, k:ed@cercado, mode:FULL, fail:COMP
2026-07-04 22:04:55, EXEC, v:1, k:ed@cercado, mode:FULL, fail:COMP
2026-07-04 22:04:31, MOVE, v:1, k:ed@cercado, mode:EDIT
2026-07-04 22:05:30, EXEC, v:1, k:ed@cercado, mode:FULL, rate:0, size:71
2026-07-04 22:08:05, EXEC, v:1, k:ed@cercado, mode:FULL, rate:0, size:71
2026-07-04 22:08:56, EXEC, v:1, k:ed@cercado, mode:FULL, rate:0, size:71
2026-07-04 22:09:32, MOVE, v:1, k:ed@cercado, mode:EDIT
2026-07-04 22:08:56, MOVE, v:1, k:ed@cercado, mode:EDIT
2026-07-04 22:11:09, EXEC, v:1, k:ed@cercado, mode:FULL, rate:33, size:71
2026-07-04 22:13:09, EXEC, v:1, k:ed@cercado, mode:FULL, rate:33, size:80
2026-07-04 22:13:54, EXEC, v:1, k:ed@cercado, mode:FULL, rate:33, size:80
2026-07-04 22:13:56, EXEC, v:1, k:ed@cercado, mode:FULL, rate:33
2026-07-04 22:13:57, EXEC, v:1, k:ed@cercado, mode:FULL, rate:33
2026-07-04 22:13:58, EXEC, v:1, k:ed@cercado, mode:FULL, rate:33
2026-07-04 22:13:58, EXEC, v:1, k:ed@cercado, mode:FULL, rate:33
2026-07-04 22:14:14, EXEC, v:1, k:ed@cercado, mode:FULL, rate:33, size:80
2026-07-04 22:14:42, EXEC, v:1, k:ed@cercado, mode:FULL, rate:0, size:80
2026-07-04 22:14:54, EXEC, v:1, k:ed@cercado, mode:FULL, rate:33, size:80
2026-07-04 22:14:51, MOVE, v:1, k:ed@cercado, mode:EDIT
2026-07-04 22:14:52, MOVE, v:1, k:ed@cercado, mode:EDIT
2026-07-04 22:17:17, EXEC, v:1, k:ed@cercado, mode:FULL, rate:33, size:80
2026-07-04 22:17:19, EXEC, v:1, k:ed@cercado, mode:FULL, rate:33
2026-07-04 22:20:09, EXEC, v:1, k:ed@cercado, mode:FULL, rate:100, size:80
2026-07-04 22:20:07, MOVE, v:1, k:ed@cercado, mode:EDIT
2026-07-04 22:20:09, MOVE, v:1, k:ed@cercado, mode:EDIT
2026-07-04 22:20:19, EXEC, v:1, k:ed@cercado, mode:FULL, rate:100
2026-07-04 22:20:32, MOVE, v:1, k:ed@cercado, mode:BACK
2026-07-04 22:21:20, SELF, v:1, k:ed@cercado, self:1, rate:100, study:80, concept:1, debug:1, refactor:1
